  [4;36;1mSQL (1.3ms)[0m   [0;1m SELECT name
 FROM sqlite_master
 WHERE type = 'table' AND NOT name = 'sqlite_sequence'
[0m
  [4;35;1mSQL (14.6ms)[0m   [0mselect sqlite_version(*)[0m
  [4;36;1mSQL (14.9ms)[0m   [0;1mCREATE TABLE "schema_migrations" ("version" varchar(255) NOT NULL) [0m
  [4;35;1mSQL (4.6ms)[0m   [0mCREATE UNIQUE INDEX "unique_schema_migrations" ON "schema_migrations" ("version")[0m
  [4;36;1mSQL (0.8ms)[0m   [0;1m SELECT name
 FROM sqlite_master
 WHERE type = 'table' AND NOT name = 'sqlite_sequence'
[0m
  [4;35;1mSQL (0.9ms)[0m   [0m SELECT name
 FROM sqlite_master
 WHERE type = 'table' AND NOT name = 'sqlite_sequence'
[0m
  [4;36;1mSQL (0.4ms)[0m   [0;1mSELECT version FROM schema_migrations[0m
  [4;35;1mSQL (0.7ms)[0m   [0m SELECT name
 FROM sqlite_master
 WHERE type = 'table' AND NOT name = 'sqlite_sequence'
[0m
/!\ FAILSAFE /!\  Fri Jan 29 21:17:10 +0200 2010
  Status: 500 Internal Server Error
  no such file to load -- sqlite3
    /usr/lib/ruby/site_ruby/1.8/rubygems/custom_require.rb:31:in `gem_original_require'
    /usr/lib/ruby/site_ruby/1.8/rubygems/custom_require.rb:31:in `require'
    /home/tupis/.gem/ruby/1.8/gems/activesupport-2.3.5/lib/active_support/dependencies.rb:156:in `require'
    /home/tupis/.gem/ruby/1.8/gems/activesupport-2.3.5/lib/active_support/dependencies.rb:521:in `new_constants_in'
    /home/tupis/.gem/ruby/1.8/gems/activesupport-2.3.5/lib/active_support/dependencies.rb:156:in `require'
    /home/tupis/.gem/ruby/1.8/gems/activesupport-2.3.5/lib/active_support/core_ext/kernel/requires.rb:7:in `require_library_or_gem'
    /home/tupis/.gem/ruby/1.8/gems/activesupport-2.3.5/lib/active_support/core_ext/kernel/reporting.rb:11:in `silence_warnings'
    /home/tupis/.gem/ruby/1.8/gems/activesupport-2.3.5/lib/active_support/core_ext/kernel/requires.rb:5:in `require_library_or_gem'
    /home/tupis/.gem/ruby/1.8/gems/activerecord-2.3.5/lib/active_record/connection_adapters/sqlite3_adapter.rb:10:in `sqlite3_connection'
    /home/tupis/.gem/ruby/1.8/gems/activerecord-2.3.5/lib/active_record/connection_adapters/abstract/connection_pool.rb:223:in `send'
    /home/tupis/.gem/ruby/1.8/gems/activerecord-2.3.5/lib/active_record/connection_adapters/abstract/connection_pool.rb:223:in `new_connection'
    /home/tupis/.gem/ruby/1.8/gems/activerecord-2.3.5/lib/active_record/connection_adapters/abstract/connection_pool.rb:245:in `checkout_new_connection'
    /home/tupis/.gem/ruby/1.8/gems/activerecord-2.3.5/lib/active_record/connection_adapters/abstract/connection_pool.rb:188:in `checkout'
    /home/tupis/.gem/ruby/1.8/gems/activerecord-2.3.5/lib/active_record/connection_adapters/abstract/connection_pool.rb:184:in `loop'
    /home/tupis/.gem/ruby/1.8/gems/activerecord-2.3.5/lib/active_record/connection_adapters/abstract/connection_pool.rb:184:in `checkout'
    /usr/lib/ruby/1.8/monitor.rb:242:in `synchronize'
    /home/tupis/.gem/ruby/1.8/gems/activerecord-2.3.5/lib/active_record/connection_adapters/abstract/connection_pool.rb:183:in `checkout'
    /home/tupis/.gem/ruby/1.8/gems/activerecord-2.3.5/lib/active_record/connection_adapters/abstract/connection_pool.rb:98:in `connection'
    /home/tupis/.gem/ruby/1.8/gems/activerecord-2.3.5/lib/active_record/connection_adapters/abstract/connection_pool.rb:326:in `retrieve_connection'
    /home/tupis/.gem/ruby/1.8/gems/activerecord-2.3.5/lib/active_record/connection_adapters/abstract/connection_specification.rb:123:in `retrieve_connection'
    /home/tupis/.gem/ruby/1.8/gems/activerecord-2.3.5/lib/active_record/connection_adapters/abstract/connection_specification.rb:115:in `connection'
    /home/tupis/.gem/ruby/1.8/gems/activerecord-2.3.5/lib/active_record/query_cache.rb:9:in `cache'
    /home/tupis/.gem/ruby/1.8/gems/activerecord-2.3.5/lib/active_record/query_cache.rb:28:in `call'
    /home/tupis/.gem/ruby/1.8/gems/activerecord-2.3.5/lib/active_record/connection_adapters/abstract/connection_pool.rb:361:in `call'
    /home/tupis/.gem/ruby/1.8/gems/actionpack-2.3.5/lib/action_controller/string_coercion.rb:25:in `call'
    /home/tupis/.gem/ruby/1.8/gems/rack-1.0.1/lib/rack/head.rb:9:in `call'
    /home/tupis/.gem/ruby/1.8/gems/rack-1.0.1/lib/rack/methodoverride.rb:24:in `call'
    /home/tupis/.gem/ruby/1.8/gems/actionpack-2.3.5/lib/action_controller/params_parser.rb:15:in `call'
    /home/tupis/.gem/ruby/1.8/gems/actionpack-2.3.5/lib/action_controller/session/cookie_store.rb:93:in `call'
    /home/tupis/.gem/ruby/1.8/gems/actionpack-2.3.5/lib/action_controller/failsafe.rb:26:in `call'
    /home/tupis/.gem/ruby/1.8/gems/rack-1.0.1/lib/rack/lock.rb:11:in `call'
    /home/tupis/.gem/ruby/1.8/gems/rack-1.0.1/lib/rack/lock.rb:11:in `synchronize'
    /home/tupis/.gem/ruby/1.8/gems/rack-1.0.1/lib/rack/lock.rb:11:in `call'
    /home/tupis/.gem/ruby/1.8/gems/actionpack-2.3.5/lib/action_controller/dispatcher.rb:114:in `call'
    /home/tupis/.gem/ruby/1.8/gems/actionpack-2.3.5/lib/action_controller/reloader.rb:34:in `run'
    /home/tupis/.gem/ruby/1.8/gems/actionpack-2.3.5/lib/action_controller/dispatcher.rb:108:in `call'
    /home/tupis/.gem/ruby/1.8/gems/rails-2.3.5/lib/rails/rack/static.rb:31:in `call'
    /home/tupis/.gem/ruby/1.8/gems/rack-1.0.1/lib/rack/urlmap.rb:46:in `call'
    /home/tupis/.gem/ruby/1.8/gems/rack-1.0.1/lib/rack/urlmap.rb:40:in `each'
    /home/tupis/.gem/ruby/1.8/gems/rack-1.0.1/lib/rack/urlmap.rb:40:in `call'
    /home/tupis/.gem/ruby/1.8/gems/rails-2.3.5/lib/rails/rack/log_tailer.rb:17:in `call'
    /home/tupis/.gem/ruby/1.8/gems/rack-1.0.1/lib/rack/content_length.rb:13:in `call'
    /home/tupis/.gem/ruby/1.8/gems/rack-1.0.1/lib/rack/handler/webrick.rb:50:in `service'
    /usr/lib/ruby/1.8/webrick/httpserver.rb:104:in `service'
    /usr/lib/ruby/1.8/webrick/httpserver.rb:65:in `run'
    /usr/lib/ruby/1.8/webrick/server.rb:173:in `start_thread'
    /usr/lib/ruby/1.8/webrick/server.rb:162:in `start'
    /usr/lib/ruby/1.8/webrick/server.rb:162:in `start_thread'
    /usr/lib/ruby/1.8/webrick/server.rb:95:in `start'
    /usr/lib/ruby/1.8/webrick/server.rb:92:in `each'
    /usr/lib/ruby/1.8/webrick/server.rb:92:in `start'
    /usr/lib/ruby/1.8/webrick/server.rb:23:in `start'
    /usr/lib/ruby/1.8/webrick/server.rb:82:in `start'
    /home/tupis/.gem/ruby/1.8/gems/rack-1.0.1/lib/rack/handler/webrick.rb:14:in `run'
    /home/tupis/.gem/ruby/1.8/gems/rails-2.3.5/lib/commands/server.rb:111
    /usr/lib/ruby/site_ruby/1.8/rubygems/custom_require.rb:31:in `gem_original_require'
    /usr/lib/ruby/site_ruby/1.8/rubygems/custom_require.rb:31:in `require'
    script/server:3
/!\ FAILSAFE /!\  Fri Jan 29 21:22:45 +0200 2010
  Status: 500 Internal Server Error
  no such file to load -- sqlite3
    /usr/lib/ruby/site_ruby/1.8/rubygems/custom_require.rb:31:in `gem_original_require'
    /usr/lib/ruby/site_ruby/1.8/rubygems/custom_require.rb:31:in `require'
    /home/tupis/.gem/ruby/1.8/gems/activesupport-2.3.5/lib/active_support/dependencies.rb:156:in `require'
    /home/tupis/.gem/ruby/1.8/gems/activesupport-2.3.5/lib/active_support/dependencies.rb:521:in `new_constants_in'
    /home/tupis/.gem/ruby/1.8/gems/activesupport-2.3.5/lib/active_support/dependencies.rb:156:in `require'
    /home/tupis/.gem/ruby/1.8/gems/activesupport-2.3.5/lib/active_support/core_ext/kernel/requires.rb:7:in `require_library_or_gem'
    /home/tupis/.gem/ruby/1.8/gems/activesupport-2.3.5/lib/active_support/core_ext/kernel/reporting.rb:11:in `silence_warnings'
    /home/tupis/.gem/ruby/1.8/gems/activesupport-2.3.5/lib/active_support/core_ext/kernel/requires.rb:5:in `require_library_or_gem'
    /home/tupis/.gem/ruby/1.8/gems/activerecord-2.3.5/lib/active_record/connection_adapters/sqlite3_adapter.rb:10:in `sqlite3_connection'
    /home/tupis/.gem/ruby/1.8/gems/activerecord-2.3.5/lib/active_record/connection_adapters/abstract/connection_pool.rb:223:in `send'
    /home/tupis/.gem/ruby/1.8/gems/activerecord-2.3.5/lib/active_record/connection_adapters/abstract/connection_pool.rb:223:in `new_connection'
    /home/tupis/.gem/ruby/1.8/gems/activerecord-2.3.5/lib/active_record/connection_adapters/abstract/connection_pool.rb:245:in `checkout_new_connection'
    /home/tupis/.gem/ruby/1.8/gems/activerecord-2.3.5/lib/active_record/connection_adapters/abstract/connection_pool.rb:188:in `checkout'
    /home/tupis/.gem/ruby/1.8/gems/activerecord-2.3.5/lib/active_record/connection_adapters/abstract/connection_pool.rb:184:in `loop'
    /home/tupis/.gem/ruby/1.8/gems/activerecord-2.3.5/lib/active_record/connection_adapters/abstract/connection_pool.rb:184:in `checkout'
    /usr/lib/ruby/1.8/monitor.rb:242:in `synchronize'
    /home/tupis/.gem/ruby/1.8/gems/activerecord-2.3.5/lib/active_record/connection_adapters/abstract/connection_pool.rb:183:in `checkout'
    /home/tupis/.gem/ruby/1.8/gems/activerecord-2.3.5/lib/active_record/connection_adapters/abstract/connection_pool.rb:98:in `connection'
    /home/tupis/.gem/ruby/1.8/gems/activerecord-2.3.5/lib/active_record/connection_adapters/abstract/connection_pool.rb:326:in `retrieve_connection'
    /home/tupis/.gem/ruby/1.8/gems/activerecord-2.3.5/lib/active_record/connection_adapters/abstract/connection_specification.rb:123:in `retrieve_connection'
    /home/tupis/.gem/ruby/1.8/gems/activerecord-2.3.5/lib/active_record/connection_adapters/abstract/connection_specification.rb:115:in `connection'
    /home/tupis/.gem/ruby/1.8/gems/activerecord-2.3.5/lib/active_record/query_cache.rb:9:in `cache'
    /home/tupis/.gem/ruby/1.8/gems/activerecord-2.3.5/lib/active_record/query_cache.rb:28:in `call'
    /home/tupis/.gem/ruby/1.8/gems/activerecord-2.3.5/lib/active_record/connection_adapters/abstract/connection_pool.rb:361:in `call'
    /home/tupis/.gem/ruby/1.8/gems/actionpack-2.3.5/lib/action_controller/string_coercion.rb:25:in `call'
    /home/tupis/.gem/ruby/1.8/gems/rack-1.0.1/lib/rack/head.rb:9:in `call'
    /home/tupis/.gem/ruby/1.8/gems/rack-1.0.1/lib/rack/methodoverride.rb:24:in `call'
    /home/tupis/.gem/ruby/1.8/gems/actionpack-2.3.5/lib/action_controller/params_parser.rb:15:in `call'
    /home/tupis/.gem/ruby/1.8/gems/actionpack-2.3.5/lib/action_controller/session/cookie_store.rb:93:in `call'
    /home/tupis/.gem/ruby/1.8/gems/actionpack-2.3.5/lib/action_controller/failsafe.rb:26:in `call'
    /home/tupis/.gem/ruby/1.8/gems/rack-1.0.1/lib/rack/lock.rb:11:in `call'
    /home/tupis/.gem/ruby/1.8/gems/rack-1.0.1/lib/rack/lock.rb:11:in `synchronize'
    /home/tupis/.gem/ruby/1.8/gems/rack-1.0.1/lib/rack/lock.rb:11:in `call'
    /home/tupis/.gem/ruby/1.8/gems/actionpack-2.3.5/lib/action_controller/dispatcher.rb:114:in `call'
    /home/tupis/.gem/ruby/1.8/gems/actionpack-2.3.5/lib/action_controller/reloader.rb:34:in `run'
    /home/tupis/.gem/ruby/1.8/gems/actionpack-2.3.5/lib/action_controller/dispatcher.rb:108:in `call'
    /home/tupis/.gem/ruby/1.8/gems/rails-2.3.5/lib/rails/rack/static.rb:31:in `call'
    /home/tupis/.gem/ruby/1.8/gems/rack-1.0.1/lib/rack/urlmap.rb:46:in `call'
    /home/tupis/.gem/ruby/1.8/gems/rack-1.0.1/lib/rack/urlmap.rb:40:in `each'
    /home/tupis/.gem/ruby/1.8/gems/rack-1.0.1/lib/rack/urlmap.rb:40:in `call'
    /home/tupis/.gem/ruby/1.8/gems/rails-2.3.5/lib/rails/rack/log_tailer.rb:17:in `call'
    /home/tupis/.gem/ruby/1.8/gems/rack-1.0.1/lib/rack/content_length.rb:13:in `call'
    /home/tupis/.gem/ruby/1.8/gems/rack-1.0.1/lib/rack/handler/webrick.rb:50:in `service'
    /usr/lib/ruby/1.8/webrick/httpserver.rb:104:in `service'
    /usr/lib/ruby/1.8/webrick/httpserver.rb:65:in `run'
    /usr/lib/ruby/1.8/webrick/server.rb:173:in `start_thread'
    /usr/lib/ruby/1.8/webrick/server.rb:162:in `start'
    /usr/lib/ruby/1.8/webrick/server.rb:162:in `start_thread'
    /usr/lib/ruby/1.8/webrick/server.rb:95:in `start'
    /usr/lib/ruby/1.8/webrick/server.rb:92:in `each'
    /usr/lib/ruby/1.8/webrick/server.rb:92:in `start'
    /usr/lib/ruby/1.8/webrick/server.rb:23:in `start'
    /usr/lib/ruby/1.8/webrick/server.rb:82:in `start'
    /home/tupis/.gem/ruby/1.8/gems/rack-1.0.1/lib/rack/handler/webrick.rb:14:in `run'
    /home/tupis/.gem/ruby/1.8/gems/rails-2.3.5/lib/commands/server.rb:111
    /usr/lib/ruby/site_ruby/1.8/rubygems/custom_require.rb:31:in `gem_original_require'
    /usr/lib/ruby/site_ruby/1.8/rubygems/custom_require.rb:31:in `require'
    script/server:3
  [4;36;1mSQL (2.9ms)[0m   [0;1m SELECT name
 FROM sqlite_master
 WHERE type = 'table' AND NOT name = 'sqlite_sequence'
[0m
  [4;35;1mSQL (0.5ms)[0m   [0mSELECT version FROM schema_migrations[0m
Migrating to CreateImages (20100129192238)
  [4;36;1mSQL (12.1ms)[0m   [0;1mselect sqlite_version(*)[0m
  [4;36;1mSQL (2.0ms)[0m   [0;1m SELECT name
 FROM sqlite_master
 WHERE type = 'table' AND NOT name = 'sqlite_sequence'
[0m
  [4;35;1mSQL (0.5ms)[0m   [0mSELECT version FROM schema_migrations[0m
Migrating to CreateImages (20100129192238)
  [4;36;1mSQL (0.6ms)[0m   [0;1mselect sqlite_version(*)[0m
  [4;36;1mSQL (2.4ms)[0m   [0;1m SELECT name
 FROM sqlite_master
 WHERE type = 'table' AND NOT name = 'sqlite_sequence'
[0m
  [4;35;1mSQL (0.5ms)[0m   [0mSELECT version FROM schema_migrations[0m
Migrating to CreateImages (20100129192238)
  [4;36;1mSQL (0.7ms)[0m   [0;1mselect sqlite_version(*)[0m
  [4;35;1mSQL (91.6ms)[0m   [0mCREATE TABLE "images" ("id" INTEGER PRIMARY KEY AUTOINCREMENT NOT NULL, "uploader" varchar(255), "image_name" varchar(255), "type" varchar(255), "file_size" integer, "created_at" datetime, "updated_at" datetime) [0m
  [4;36;1mSQL (0.6ms)[0m   [0;1mINSERT INTO schema_migrations (version) VALUES ('20100129192238')[0m
  [4;35;1mSQL (1.1ms)[0m   [0m SELECT name
 FROM sqlite_master
 WHERE type = 'table' AND NOT name = 'sqlite_sequence'
[0m
  [4;36;1mSQL (0.7ms)[0m   [0;1mSELECT version FROM schema_migrations[0m
  [4;35;1mSQL (1.0ms)[0m   [0m SELECT name
 FROM sqlite_master
 WHERE type = 'table' AND NOT name = 'sqlite_sequence'
[0m
  [4;36;1mSQL (0.4ms)[0m   [0;1mPRAGMA index_list("images")[0m
/!\ FAILSAFE /!\  Fri Jan 29 21:44:49 +0200 2010
  Status: 500 Internal Server Error
  no such file to load -- sqlite3
    /usr/lib/ruby/site_ruby/1.8/rubygems/custom_require.rb:31:in `gem_original_require'
    /usr/lib/ruby/site_ruby/1.8/rubygems/custom_require.rb:31:in `require'
    /home/tupis/.gem/ruby/1.8/gems/activesupport-2.3.5/lib/active_support/dependencies.rb:156:in `require'
    /home/tupis/.gem/ruby/1.8/gems/activesupport-2.3.5/lib/active_support/dependencies.rb:521:in `new_constants_in'
    /home/tupis/.gem/ruby/1.8/gems/activesupport-2.3.5/lib/active_support/dependencies.rb:156:in `require'
    /home/tupis/.gem/ruby/1.8/gems/activesupport-2.3.5/lib/active_support/core_ext/kernel/requires.rb:7:in `require_library_or_gem'
    /home/tupis/.gem/ruby/1.8/gems/activesupport-2.3.5/lib/active_support/core_ext/kernel/reporting.rb:11:in `silence_warnings'
    /home/tupis/.gem/ruby/1.8/gems/activesupport-2.3.5/lib/active_support/core_ext/kernel/requires.rb:5:in `require_library_or_gem'
    /home/tupis/.gem/ruby/1.8/gems/activerecord-2.3.5/lib/active_record/connection_adapters/sqlite3_adapter.rb:10:in `sqlite3_connection'
    /home/tupis/.gem/ruby/1.8/gems/activerecord-2.3.5/lib/active_record/connection_adapters/abstract/connection_pool.rb:223:in `send'
    /home/tupis/.gem/ruby/1.8/gems/activerecord-2.3.5/lib/active_record/connection_adapters/abstract/connection_pool.rb:223:in `new_connection'
    /home/tupis/.gem/ruby/1.8/gems/activerecord-2.3.5/lib/active_record/connection_adapters/abstract/connection_pool.rb:245:in `checkout_new_connection'
    /home/tupis/.gem/ruby/1.8/gems/activerecord-2.3.5/lib/active_record/connection_adapters/abstract/connection_pool.rb:188:in `checkout'
    /home/tupis/.gem/ruby/1.8/gems/activerecord-2.3.5/lib/active_record/connection_adapters/abstract/connection_pool.rb:184:in `loop'
    /home/tupis/.gem/ruby/1.8/gems/activerecord-2.3.5/lib/active_record/connection_adapters/abstract/connection_pool.rb:184:in `checkout'
    /usr/lib/ruby/1.8/monitor.rb:242:in `synchronize'
    /home/tupis/.gem/ruby/1.8/gems/activerecord-2.3.5/lib/active_record/connection_adapters/abstract/connection_pool.rb:183:in `checkout'
    /home/tupis/.gem/ruby/1.8/gems/activerecord-2.3.5/lib/active_record/connection_adapters/abstract/connection_pool.rb:98:in `connection'
    /home/tupis/.gem/ruby/1.8/gems/activerecord-2.3.5/lib/active_record/connection_adapters/abstract/connection_pool.rb:326:in `retrieve_connection'
    /home/tupis/.gem/ruby/1.8/gems/activerecord-2.3.5/lib/active_record/connection_adapters/abstract/connection_specification.rb:123:in `retrieve_connection'
    /home/tupis/.gem/ruby/1.8/gems/activerecord-2.3.5/lib/active_record/connection_adapters/abstract/connection_specification.rb:115:in `connection'
    /home/tupis/.gem/ruby/1.8/gems/activerecord-2.3.5/lib/active_record/query_cache.rb:9:in `cache'
    /home/tupis/.gem/ruby/1.8/gems/activerecord-2.3.5/lib/active_record/query_cache.rb:28:in `call'
    /home/tupis/.gem/ruby/1.8/gems/activerecord-2.3.5/lib/active_record/connection_adapters/abstract/connection_pool.rb:361:in `call'
    /home/tupis/.gem/ruby/1.8/gems/actionpack-2.3.5/lib/action_controller/string_coercion.rb:25:in `call'
    /home/tupis/.gem/ruby/1.8/gems/rack-1.0.1/lib/rack/head.rb:9:in `call'
    /home/tupis/.gem/ruby/1.8/gems/rack-1.0.1/lib/rack/methodoverride.rb:24:in `call'
    /home/tupis/.gem/ruby/1.8/gems/actionpack-2.3.5/lib/action_controller/params_parser.rb:15:in `call'
    /home/tupis/.gem/ruby/1.8/gems/actionpack-2.3.5/lib/action_controller/session/cookie_store.rb:93:in `call'
    /home/tupis/.gem/ruby/1.8/gems/actionpack-2.3.5/lib/action_controller/failsafe.rb:26:in `call'
    /home/tupis/.gem/ruby/1.8/gems/rack-1.0.1/lib/rack/lock.rb:11:in `call'
    /home/tupis/.gem/ruby/1.8/gems/rack-1.0.1/lib/rack/lock.rb:11:in `synchronize'
    /home/tupis/.gem/ruby/1.8/gems/rack-1.0.1/lib/rack/lock.rb:11:in `call'
    /home/tupis/.gem/ruby/1.8/gems/actionpack-2.3.5/lib/action_controller/dispatcher.rb:114:in `call'
    /home/tupis/.gem/ruby/1.8/gems/actionpack-2.3.5/lib/action_controller/reloader.rb:34:in `run'
    /home/tupis/.gem/ruby/1.8/gems/actionpack-2.3.5/lib/action_controller/dispatcher.rb:108:in `call'
    /home/tupis/.gem/ruby/1.8/gems/rails-2.3.5/lib/rails/rack/static.rb:31:in `call'
    /home/tupis/.gem/ruby/1.8/gems/rack-1.0.1/lib/rack/urlmap.rb:46:in `call'
    /home/tupis/.gem/ruby/1.8/gems/rack-1.0.1/lib/rack/urlmap.rb:40:in `each'
    /home/tupis/.gem/ruby/1.8/gems/rack-1.0.1/lib/rack/urlmap.rb:40:in `call'
    /home/tupis/.gem/ruby/1.8/gems/rails-2.3.5/lib/rails/rack/log_tailer.rb:17:in `call'
    /home/tupis/.gem/ruby/1.8/gems/rack-1.0.1/lib/rack/content_length.rb:13:in `call'
    /home/tupis/.gem/ruby/1.8/gems/rack-1.0.1/lib/rack/handler/webrick.rb:50:in `service'
    /usr/lib/ruby/1.8/webrick/httpserver.rb:104:in `service'
    /usr/lib/ruby/1.8/webrick/httpserver.rb:65:in `run'
    /usr/lib/ruby/1.8/webrick/server.rb:173:in `start_thread'
    /usr/lib/ruby/1.8/webrick/server.rb:162:in `start'
    /usr/lib/ruby/1.8/webrick/server.rb:162:in `start_thread'
    /usr/lib/ruby/1.8/webrick/server.rb:95:in `start'
    /usr/lib/ruby/1.8/webrick/server.rb:92:in `each'
    /usr/lib/ruby/1.8/webrick/server.rb:92:in `start'
    /usr/lib/ruby/1.8/webrick/server.rb:23:in `start'
    /usr/lib/ruby/1.8/webrick/server.rb:82:in `start'
    /home/tupis/.gem/ruby/1.8/gems/rack-1.0.1/lib/rack/handler/webrick.rb:14:in `run'
    /home/tupis/.gem/ruby/1.8/gems/rails-2.3.5/lib/commands/server.rb:111
    /usr/lib/ruby/site_ruby/1.8/rubygems/custom_require.rb:31:in `gem_original_require'
    /usr/lib/ruby/site_ruby/1.8/rubygems/custom_require.rb:31:in `require'
    script/server:3
/!\ FAILSAFE /!\  Fri Jan 29 21:45:11 +0200 2010
  Status: 500 Internal Server Error
  no such file to load -- sqlite3
    /usr/lib/ruby/site_ruby/1.8/rubygems/custom_require.rb:31:in `gem_original_require'
    /usr/lib/ruby/site_ruby/1.8/rubygems/custom_require.rb:31:in `require'
    /home/tupis/.gem/ruby/1.8/gems/activesupport-2.3.5/lib/active_support/dependencies.rb:156:in `require'
    /home/tupis/.gem/ruby/1.8/gems/activesupport-2.3.5/lib/active_support/dependencies.rb:521:in `new_constants_in'
    /home/tupis/.gem/ruby/1.8/gems/activesupport-2.3.5/lib/active_support/dependencies.rb:156:in `require'
    /home/tupis/.gem/ruby/1.8/gems/activesupport-2.3.5/lib/active_support/core_ext/kernel/requires.rb:7:in `require_library_or_gem'
    /home/tupis/.gem/ruby/1.8/gems/activesupport-2.3.5/lib/active_support/core_ext/kernel/reporting.rb:11:in `silence_warnings'
    /home/tupis/.gem/ruby/1.8/gems/activesupport-2.3.5/lib/active_support/core_ext/kernel/requires.rb:5:in `require_library_or_gem'
    /home/tupis/.gem/ruby/1.8/gems/activerecord-2.3.5/lib/active_record/connection_adapters/sqlite3_adapter.rb:10:in `sqlite3_connection'
    /home/tupis/.gem/ruby/1.8/gems/activerecord-2.3.5/lib/active_record/connection_adapters/abstract/connection_pool.rb:223:in `send'
    /home/tupis/.gem/ruby/1.8/gems/activerecord-2.3.5/lib/active_record/connection_adapters/abstract/connection_pool.rb:223:in `new_connection'
    /home/tupis/.gem/ruby/1.8/gems/activerecord-2.3.5/lib/active_record/connection_adapters/abstract/connection_pool.rb:245:in `checkout_new_connection'
    /home/tupis/.gem/ruby/1.8/gems/activerecord-2.3.5/lib/active_record/connection_adapters/abstract/connection_pool.rb:188:in `checkout'
    /home/tupis/.gem/ruby/1.8/gems/activerecord-2.3.5/lib/active_record/connection_adapters/abstract/connection_pool.rb:184:in `loop'
    /home/tupis/.gem/ruby/1.8/gems/activerecord-2.3.5/lib/active_record/connection_adapters/abstract/connection_pool.rb:184:in `checkout'
    /usr/lib/ruby/1.8/monitor.rb:242:in `synchronize'
    /home/tupis/.gem/ruby/1.8/gems/activerecord-2.3.5/lib/active_record/connection_adapters/abstract/connection_pool.rb:183:in `checkout'
    /home/tupis/.gem/ruby/1.8/gems/activerecord-2.3.5/lib/active_record/connection_adapters/abstract/connection_pool.rb:98:in `connection'
    /home/tupis/.gem/ruby/1.8/gems/activerecord-2.3.5/lib/active_record/connection_adapters/abstract/connection_pool.rb:326:in `retrieve_connection'
    /home/tupis/.gem/ruby/1.8/gems/activerecord-2.3.5/lib/active_record/connection_adapters/abstract/connection_specification.rb:123:in `retrieve_connection'
    /home/tupis/.gem/ruby/1.8/gems/activerecord-2.3.5/lib/active_record/connection_adapters/abstract/connection_specification.rb:115:in `connection'
    /home/tupis/.gem/ruby/1.8/gems/activerecord-2.3.5/lib/active_record/query_cache.rb:9:in `cache'
    /home/tupis/.gem/ruby/1.8/gems/activerecord-2.3.5/lib/active_record/query_cache.rb:28:in `call'
    /home/tupis/.gem/ruby/1.8/gems/activerecord-2.3.5/lib/active_record/connection_adapters/abstract/connection_pool.rb:361:in `call'
    /home/tupis/.gem/ruby/1.8/gems/actionpack-2.3.5/lib/action_controller/string_coercion.rb:25:in `call'
    /home/tupis/.gem/ruby/1.8/gems/rack-1.0.1/lib/rack/head.rb:9:in `call'
    /home/tupis/.gem/ruby/1.8/gems/rack-1.0.1/lib/rack/methodoverride.rb:24:in `call'
    /home/tupis/.gem/ruby/1.8/gems/actionpack-2.3.5/lib/action_controller/params_parser.rb:15:in `call'
    /home/tupis/.gem/ruby/1.8/gems/actionpack-2.3.5/lib/action_controller/session/cookie_store.rb:93:in `call'
    /home/tupis/.gem/ruby/1.8/gems/actionpack-2.3.5/lib/action_controller/failsafe.rb:26:in `call'
    /home/tupis/.gem/ruby/1.8/gems/rack-1.0.1/lib/rack/lock.rb:11:in `call'
    /home/tupis/.gem/ruby/1.8/gems/rack-1.0.1/lib/rack/lock.rb:11:in `synchronize'
    /home/tupis/.gem/ruby/1.8/gems/rack-1.0.1/lib/rack/lock.rb:11:in `call'
    /home/tupis/.gem/ruby/1.8/gems/actionpack-2.3.5/lib/action_controller/dispatcher.rb:114:in `call'
    /home/tupis/.gem/ruby/1.8/gems/actionpack-2.3.5/lib/action_controller/reloader.rb:34:in `run'
    /home/tupis/.gem/ruby/1.8/gems/actionpack-2.3.5/lib/action_controller/dispatcher.rb:108:in `call'
    /home/tupis/.gem/ruby/1.8/gems/rails-2.3.5/lib/rails/rack/static.rb:31:in `call'
    /home/tupis/.gem/ruby/1.8/gems/rack-1.0.1/lib/rack/urlmap.rb:46:in `call'
    /home/tupis/.gem/ruby/1.8/gems/rack-1.0.1/lib/rack/urlmap.rb:40:in `each'
    /home/tupis/.gem/ruby/1.8/gems/rack-1.0.1/lib/rack/urlmap.rb:40:in `call'
    /home/tupis/.gem/ruby/1.8/gems/rails-2.3.5/lib/rails/rack/log_tailer.rb:17:in `call'
    /home/tupis/.gem/ruby/1.8/gems/rack-1.0.1/lib/rack/content_length.rb:13:in `call'
    /home/tupis/.gem/ruby/1.8/gems/rack-1.0.1/lib/rack/handler/webrick.rb:50:in `service'
    /usr/lib/ruby/1.8/webrick/httpserver.rb:104:in `service'
    /usr/lib/ruby/1.8/webrick/httpserver.rb:65:in `run'
    /usr/lib/ruby/1.8/webrick/server.rb:173:in `start_thread'
    /usr/lib/ruby/1.8/webrick/server.rb:162:in `start'
    /usr/lib/ruby/1.8/webrick/server.rb:162:in `start_thread'
    /usr/lib/ruby/1.8/webrick/server.rb:95:in `start'
    /usr/lib/ruby/1.8/webrick/server.rb:92:in `each'
    /usr/lib/ruby/1.8/webrick/server.rb:92:in `start'
    /usr/lib/ruby/1.8/webrick/server.rb:23:in `start'
    /usr/lib/ruby/1.8/webrick/server.rb:82:in `start'
    /home/tupis/.gem/ruby/1.8/gems/rack-1.0.1/lib/rack/handler/webrick.rb:14:in `run'
    /home/tupis/.gem/ruby/1.8/gems/rails-2.3.5/lib/commands/server.rb:111
    /usr/lib/ruby/site_ruby/1.8/rubygems/custom_require.rb:31:in `gem_original_require'
    /usr/lib/ruby/site_ruby/1.8/rubygems/custom_require.rb:31:in `require'
    script/server:3
/!\ FAILSAFE /!\  Fri Jan 29 21:45:27 +0200 2010
  Status: 500 Internal Server Error
  no such file to load -- sqlite3
    /usr/lib/ruby/site_ruby/1.8/rubygems/custom_require.rb:31:in `gem_original_require'
    /usr/lib/ruby/site_ruby/1.8/rubygems/custom_require.rb:31:in `require'
    /home/tupis/.gem/ruby/1.8/gems/activesupport-2.3.5/lib/active_support/dependencies.rb:156:in `require'
    /home/tupis/.gem/ruby/1.8/gems/activesupport-2.3.5/lib/active_support/dependencies.rb:521:in `new_constants_in'
    /home/tupis/.gem/ruby/1.8/gems/activesupport-2.3.5/lib/active_support/dependencies.rb:156:in `require'
    /home/tupis/.gem/ruby/1.8/gems/activesupport-2.3.5/lib/active_support/core_ext/kernel/requires.rb:7:in `require_library_or_gem'
    /home/tupis/.gem/ruby/1.8/gems/activesupport-2.3.5/lib/active_support/core_ext/kernel/reporting.rb:11:in `silence_warnings'
    /home/tupis/.gem/ruby/1.8/gems/activesupport-2.3.5/lib/active_support/core_ext/kernel/requires.rb:5:in `require_library_or_gem'
    /home/tupis/.gem/ruby/1.8/gems/activerecord-2.3.5/lib/active_record/connection_adapters/sqlite3_adapter.rb:10:in `sqlite3_connection'
    /home/tupis/.gem/ruby/1.8/gems/activerecord-2.3.5/lib/active_record/connection_adapters/abstract/connection_pool.rb:223:in `send'
    /home/tupis/.gem/ruby/1.8/gems/activerecord-2.3.5/lib/active_record/connection_adapters/abstract/connection_pool.rb:223:in `new_connection'
    /home/tupis/.gem/ruby/1.8/gems/activerecord-2.3.5/lib/active_record/connection_adapters/abstract/connection_pool.rb:245:in `checkout_new_connection'
    /home/tupis/.gem/ruby/1.8/gems/activerecord-2.3.5/lib/active_record/connection_adapters/abstract/connection_pool.rb:188:in `checkout'
    /home/tupis/.gem/ruby/1.8/gems/activerecord-2.3.5/lib/active_record/connection_adapters/abstract/connection_pool.rb:184:in `loop'
    /home/tupis/.gem/ruby/1.8/gems/activerecord-2.3.5/lib/active_record/connection_adapters/abstract/connection_pool.rb:184:in `checkout'
    /usr/lib/ruby/1.8/monitor.rb:242:in `synchronize'
    /home/tupis/.gem/ruby/1.8/gems/activerecord-2.3.5/lib/active_record/connection_adapters/abstract/connection_pool.rb:183:in `checkout'
    /home/tupis/.gem/ruby/1.8/gems/activerecord-2.3.5/lib/active_record/connection_adapters/abstract/connection_pool.rb:98:in `connection'
    /home/tupis/.gem/ruby/1.8/gems/activerecord-2.3.5/lib/active_record/connection_adapters/abstract/connection_pool.rb:326:in `retrieve_connection'
    /home/tupis/.gem/ruby/1.8/gems/activerecord-2.3.5/lib/active_record/connection_adapters/abstract/connection_specification.rb:123:in `retrieve_connection'
    /home/tupis/.gem/ruby/1.8/gems/activerecord-2.3.5/lib/active_record/connection_adapters/abstract/connection_specification.rb:115:in `connection'
    /home/tupis/.gem/ruby/1.8/gems/activerecord-2.3.5/lib/active_record/query_cache.rb:9:in `cache'
    /home/tupis/.gem/ruby/1.8/gems/activerecord-2.3.5/lib/active_record/query_cache.rb:28:in `call'
    /home/tupis/.gem/ruby/1.8/gems/activerecord-2.3.5/lib/active_record/connection_adapters/abstract/connection_pool.rb:361:in `call'
    /home/tupis/.gem/ruby/1.8/gems/actionpack-2.3.5/lib/action_controller/string_coercion.rb:25:in `call'
    /home/tupis/.gem/ruby/1.8/gems/rack-1.0.1/lib/rack/head.rb:9:in `call'
    /home/tupis/.gem/ruby/1.8/gems/rack-1.0.1/lib/rack/methodoverride.rb:24:in `call'
    /home/tupis/.gem/ruby/1.8/gems/actionpack-2.3.5/lib/action_controller/params_parser.rb:15:in `call'
    /home/tupis/.gem/ruby/1.8/gems/actionpack-2.3.5/lib/action_controller/session/cookie_store.rb:93:in `call'
    /home/tupis/.gem/ruby/1.8/gems/actionpack-2.3.5/lib/action_controller/failsafe.rb:26:in `call'
    /home/tupis/.gem/ruby/1.8/gems/rack-1.0.1/lib/rack/lock.rb:11:in `call'
    /home/tupis/.gem/ruby/1.8/gems/rack-1.0.1/lib/rack/lock.rb:11:in `synchronize'
    /home/tupis/.gem/ruby/1.8/gems/rack-1.0.1/lib/rack/lock.rb:11:in `call'
    /home/tupis/.gem/ruby/1.8/gems/actionpack-2.3.5/lib/action_controller/dispatcher.rb:114:in `call'
    /home/tupis/.gem/ruby/1.8/gems/actionpack-2.3.5/lib/action_controller/reloader.rb:34:in `run'
    /home/tupis/.gem/ruby/1.8/gems/actionpack-2.3.5/lib/action_controller/dispatcher.rb:108:in `call'
    /home/tupis/.gem/ruby/1.8/gems/rails-2.3.5/lib/rails/rack/static.rb:31:in `call'
    /home/tupis/.gem/ruby/1.8/gems/rack-1.0.1/lib/rack/urlmap.rb:46:in `call'
    /home/tupis/.gem/ruby/1.8/gems/rack-1.0.1/lib/rack/urlmap.rb:40:in `each'
    /home/tupis/.gem/ruby/1.8/gems/rack-1.0.1/lib/rack/urlmap.rb:40:in `call'
    /home/tupis/.gem/ruby/1.8/gems/rails-2.3.5/lib/rails/rack/log_tailer.rb:17:in `call'
    /home/tupis/.gem/ruby/1.8/gems/rack-1.0.1/lib/rack/content_length.rb:13:in `call'
    /home/tupis/.gem/ruby/1.8/gems/rack-1.0.1/lib/rack/handler/webrick.rb:50:in `service'
    /usr/lib/ruby/1.8/webrick/httpserver.rb:104:in `service'
    /usr/lib/ruby/1.8/webrick/httpserver.rb:65:in `run'
    /usr/lib/ruby/1.8/webrick/server.rb:173:in `start_thread'
    /usr/lib/ruby/1.8/webrick/server.rb:162:in `start'
    /usr/lib/ruby/1.8/webrick/server.rb:162:in `start_thread'
    /usr/lib/ruby/1.8/webrick/server.rb:95:in `start'
    /usr/lib/ruby/1.8/webrick/server.rb:92:in `each'
    /usr/lib/ruby/1.8/webrick/server.rb:92:in `start'
    /usr/lib/ruby/1.8/webrick/server.rb:23:in `start'
    /usr/lib/ruby/1.8/webrick/server.rb:82:in `start'
    /home/tupis/.gem/ruby/1.8/gems/rack-1.0.1/lib/rack/handler/webrick.rb:14:in `run'
    /home/tupis/.gem/ruby/1.8/gems/rails-2.3.5/lib/commands/server.rb:111
    /usr/lib/ruby/site_ruby/1.8/rubygems/custom_require.rb:31:in `gem_original_require'
    /usr/lib/ruby/site_ruby/1.8/rubygems/custom_require.rb:31:in `require'
    script/server:3
/!\ FAILSAFE /!\  Fri Jan 29 21:45:33 +0200 2010
  Status: 500 Internal Server Error
  no such file to load -- sqlite3
    /usr/lib/ruby/site_ruby/1.8/rubygems/custom_require.rb:31:in `gem_original_require'
    /usr/lib/ruby/site_ruby/1.8/rubygems/custom_require.rb:31:in `require'
    /home/tupis/.gem/ruby/1.8/gems/activesupport-2.3.5/lib/active_support/dependencies.rb:156:in `require'
    /home/tupis/.gem/ruby/1.8/gems/activesupport-2.3.5/lib/active_support/dependencies.rb:521:in `new_constants_in'
    /home/tupis/.gem/ruby/1.8/gems/activesupport-2.3.5/lib/active_support/dependencies.rb:156:in `require'
    /home/tupis/.gem/ruby/1.8/gems/activesupport-2.3.5/lib/active_support/core_ext/kernel/requires.rb:7:in `require_library_or_gem'
    /home/tupis/.gem/ruby/1.8/gems/activesupport-2.3.5/lib/active_support/core_ext/kernel/reporting.rb:11:in `silence_warnings'
    /home/tupis/.gem/ruby/1.8/gems/activesupport-2.3.5/lib/active_support/core_ext/kernel/requires.rb:5:in `require_library_or_gem'
    /home/tupis/.gem/ruby/1.8/gems/activerecord-2.3.5/lib/active_record/connection_adapters/sqlite3_adapter.rb:10:in `sqlite3_connection'
    /home/tupis/.gem/ruby/1.8/gems/activerecord-2.3.5/lib/active_record/connection_adapters/abstract/connection_pool.rb:223:in `send'
    /home/tupis/.gem/ruby/1.8/gems/activerecord-2.3.5/lib/active_record/connection_adapters/abstract/connection_pool.rb:223:in `new_connection'
    /home/tupis/.gem/ruby/1.8/gems/activerecord-2.3.5/lib/active_record/connection_adapters/abstract/connection_pool.rb:245:in `checkout_new_connection'
    /home/tupis/.gem/ruby/1.8/gems/activerecord-2.3.5/lib/active_record/connection_adapters/abstract/connection_pool.rb:188:in `checkout'
    /home/tupis/.gem/ruby/1.8/gems/activerecord-2.3.5/lib/active_record/connection_adapters/abstract/connection_pool.rb:184:in `loop'
    /home/tupis/.gem/ruby/1.8/gems/activerecord-2.3.5/lib/active_record/connection_adapters/abstract/connection_pool.rb:184:in `checkout'
    /usr/lib/ruby/1.8/monitor.rb:242:in `synchronize'
    /home/tupis/.gem/ruby/1.8/gems/activerecord-2.3.5/lib/active_record/connection_adapters/abstract/connection_pool.rb:183:in `checkout'
    /home/tupis/.gem/ruby/1.8/gems/activerecord-2.3.5/lib/active_record/connection_adapters/abstract/connection_pool.rb:98:in `connection'
    /home/tupis/.gem/ruby/1.8/gems/activerecord-2.3.5/lib/active_record/connection_adapters/abstract/connection_pool.rb:326:in `retrieve_connection'
    /home/tupis/.gem/ruby/1.8/gems/activerecord-2.3.5/lib/active_record/connection_adapters/abstract/connection_specification.rb:123:in `retrieve_connection'
    /home/tupis/.gem/ruby/1.8/gems/activerecord-2.3.5/lib/active_record/connection_adapters/abstract/connection_specification.rb:115:in `connection'
    /home/tupis/.gem/ruby/1.8/gems/activerecord-2.3.5/lib/active_record/query_cache.rb:9:in `cache'
    /home/tupis/.gem/ruby/1.8/gems/activerecord-2.3.5/lib/active_record/query_cache.rb:28:in `call'
    /home/tupis/.gem/ruby/1.8/gems/activerecord-2.3.5/lib/active_record/connection_adapters/abstract/connection_pool.rb:361:in `call'
    /home/tupis/.gem/ruby/1.8/gems/actionpack-2.3.5/lib/action_controller/string_coercion.rb:25:in `call'
    /home/tupis/.gem/ruby/1.8/gems/rack-1.0.1/lib/rack/head.rb:9:in `call'
    /home/tupis/.gem/ruby/1.8/gems/rack-1.0.1/lib/rack/methodoverride.rb:24:in `call'
    /home/tupis/.gem/ruby/1.8/gems/actionpack-2.3.5/lib/action_controller/params_parser.rb:15:in `call'
    /home/tupis/.gem/ruby/1.8/gems/actionpack-2.3.5/lib/action_controller/session/cookie_store.rb:93:in `call'
    /home/tupis/.gem/ruby/1.8/gems/actionpack-2.3.5/lib/action_controller/failsafe.rb:26:in `call'
    /home/tupis/.gem/ruby/1.8/gems/rack-1.0.1/lib/rack/lock.rb:11:in `call'
    /home/tupis/.gem/ruby/1.8/gems/rack-1.0.1/lib/rack/lock.rb:11:in `synchronize'
    /home/tupis/.gem/ruby/1.8/gems/rack-1.0.1/lib/rack/lock.rb:11:in `call'
    /home/tupis/.gem/ruby/1.8/gems/actionpack-2.3.5/lib/action_controller/dispatcher.rb:114:in `call'
    /home/tupis/.gem/ruby/1.8/gems/actionpack-2.3.5/lib/action_controller/reloader.rb:34:in `run'
    /home/tupis/.gem/ruby/1.8/gems/actionpack-2.3.5/lib/action_controller/dispatcher.rb:108:in `call'
    /home/tupis/.gem/ruby/1.8/gems/rails-2.3.5/lib/rails/rack/static.rb:31:in `call'
    /home/tupis/.gem/ruby/1.8/gems/rack-1.0.1/lib/rack/urlmap.rb:46:in `call'
    /home/tupis/.gem/ruby/1.8/gems/rack-1.0.1/lib/rack/urlmap.rb:40:in `each'
    /home/tupis/.gem/ruby/1.8/gems/rack-1.0.1/lib/rack/urlmap.rb:40:in `call'
    /home/tupis/.gem/ruby/1.8/gems/rails-2.3.5/lib/rails/rack/log_tailer.rb:17:in `call'
    /home/tupis/.gem/ruby/1.8/gems/rack-1.0.1/lib/rack/content_length.rb:13:in `call'
    /home/tupis/.gem/ruby/1.8/gems/rack-1.0.1/lib/rack/handler/webrick.rb:50:in `service'
    /usr/lib/ruby/1.8/webrick/httpserver.rb:104:in `service'
    /usr/lib/ruby/1.8/webrick/httpserver.rb:65:in `run'
    /usr/lib/ruby/1.8/webrick/server.rb:173:in `start_thread'
    /usr/lib/ruby/1.8/webrick/server.rb:162:in `start'
    /usr/lib/ruby/1.8/webrick/server.rb:162:in `start_thread'
    /usr/lib/ruby/1.8/webrick/server.rb:95:in `start'
    /usr/lib/ruby/1.8/webrick/server.rb:92:in `each'
    /usr/lib/ruby/1.8/webrick/server.rb:92:in `start'
    /usr/lib/ruby/1.8/webrick/server.rb:23:in `start'
    /usr/lib/ruby/1.8/webrick/server.rb:82:in `start'
    /home/tupis/.gem/ruby/1.8/gems/rack-1.0.1/lib/rack/handler/webrick.rb:14:in `run'
    /home/tupis/.gem/ruby/1.8/gems/rails-2.3.5/lib/commands/server.rb:111
    /usr/lib/ruby/site_ruby/1.8/rubygems/custom_require.rb:31:in `gem_original_require'
    /usr/lib/ruby/site_ruby/1.8/rubygems/custom_require.rb:31:in `require'
    script/server:3
/!\ FAILSAFE /!\  Fri Jan 29 21:46:05 +0200 2010
  Status: 500 Internal Server Error
  no such file to load -- sqlite3
    /usr/lib/ruby/site_ruby/1.8/rubygems/custom_require.rb:31:in `gem_original_require'
    /usr/lib/ruby/site_ruby/1.8/rubygems/custom_require.rb:31:in `require'
    /home/tupis/.gem/ruby/1.8/gems/activesupport-2.3.5/lib/active_support/dependencies.rb:156:in `require'
    /home/tupis/.gem/ruby/1.8/gems/activesupport-2.3.5/lib/active_support/dependencies.rb:521:in `new_constants_in'
    /home/tupis/.gem/ruby/1.8/gems/activesupport-2.3.5/lib/active_support/dependencies.rb:156:in `require'
    /home/tupis/.gem/ruby/1.8/gems/activesupport-2.3.5/lib/active_support/core_ext/kernel/requires.rb:7:in `require_library_or_gem'
    /home/tupis/.gem/ruby/1.8/gems/activesupport-2.3.5/lib/active_support/core_ext/kernel/reporting.rb:11:in `silence_warnings'
    /home/tupis/.gem/ruby/1.8/gems/activesupport-2.3.5/lib/active_support/core_ext/kernel/requires.rb:5:in `require_library_or_gem'
    /home/tupis/.gem/ruby/1.8/gems/activerecord-2.3.5/lib/active_record/connection_adapters/sqlite3_adapter.rb:10:in `sqlite3_connection'
    /home/tupis/.gem/ruby/1.8/gems/activerecord-2.3.5/lib/active_record/connection_adapters/abstract/connection_pool.rb:223:in `send'
    /home/tupis/.gem/ruby/1.8/gems/activerecord-2.3.5/lib/active_record/connection_adapters/abstract/connection_pool.rb:223:in `new_connection'
    /home/tupis/.gem/ruby/1.8/gems/activerecord-2.3.5/lib/active_record/connection_adapters/abstract/connection_pool.rb:245:in `checkout_new_connection'
    /home/tupis/.gem/ruby/1.8/gems/activerecord-2.3.5/lib/active_record/connection_adapters/abstract/connection_pool.rb:188:in `checkout'
    /home/tupis/.gem/ruby/1.8/gems/activerecord-2.3.5/lib/active_record/connection_adapters/abstract/connection_pool.rb:184:in `loop'
    /home/tupis/.gem/ruby/1.8/gems/activerecord-2.3.5/lib/active_record/connection_adapters/abstract/connection_pool.rb:184:in `checkout'
    /usr/lib/ruby/1.8/monitor.rb:242:in `synchronize'
    /home/tupis/.gem/ruby/1.8/gems/activerecord-2.3.5/lib/active_record/connection_adapters/abstract/connection_pool.rb:183:in `checkout'
    /home/tupis/.gem/ruby/1.8/gems/activerecord-2.3.5/lib/active_record/connection_adapters/abstract/connection_pool.rb:98:in `connection'
    /home/tupis/.gem/ruby/1.8/gems/activerecord-2.3.5/lib/active_record/connection_adapters/abstract/connection_pool.rb:326:in `retrieve_connection'
    /home/tupis/.gem/ruby/1.8/gems/activerecord-2.3.5/lib/active_record/connection_adapters/abstract/connection_specification.rb:123:in `retrieve_connection'
    /home/tupis/.gem/ruby/1.8/gems/activerecord-2.3.5/lib/active_record/connection_adapters/abstract/connection_specification.rb:115:in `connection'
    /home/tupis/.gem/ruby/1.8/gems/activerecord-2.3.5/lib/active_record/query_cache.rb:9:in `cache'
    /home/tupis/.gem/ruby/1.8/gems/activerecord-2.3.5/lib/active_record/query_cache.rb:28:in `call'
    /home/tupis/.gem/ruby/1.8/gems/activerecord-2.3.5/lib/active_record/connection_adapters/abstract/connection_pool.rb:361:in `call'
    /home/tupis/.gem/ruby/1.8/gems/actionpack-2.3.5/lib/action_controller/string_coercion.rb:25:in `call'
    /home/tupis/.gem/ruby/1.8/gems/rack-1.0.1/lib/rack/head.rb:9:in `call'
    /home/tupis/.gem/ruby/1.8/gems/rack-1.0.1/lib/rack/methodoverride.rb:24:in `call'
    /home/tupis/.gem/ruby/1.8/gems/actionpack-2.3.5/lib/action_controller/params_parser.rb:15:in `call'
    /home/tupis/.gem/ruby/1.8/gems/actionpack-2.3.5/lib/action_controller/session/cookie_store.rb:93:in `call'
    /home/tupis/.gem/ruby/1.8/gems/actionpack-2.3.5/lib/action_controller/failsafe.rb:26:in `call'
    /home/tupis/.gem/ruby/1.8/gems/rack-1.0.1/lib/rack/lock.rb:11:in `call'
    /home/tupis/.gem/ruby/1.8/gems/rack-1.0.1/lib/rack/lock.rb:11:in `synchronize'
    /home/tupis/.gem/ruby/1.8/gems/rack-1.0.1/lib/rack/lock.rb:11:in `call'
    /home/tupis/.gem/ruby/1.8/gems/actionpack-2.3.5/lib/action_controller/dispatcher.rb:114:in `call'
    /home/tupis/.gem/ruby/1.8/gems/actionpack-2.3.5/lib/action_controller/reloader.rb:34:in `run'
    /home/tupis/.gem/ruby/1.8/gems/actionpack-2.3.5/lib/action_controller/dispatcher.rb:108:in `call'
    /home/tupis/.gem/ruby/1.8/gems/rails-2.3.5/lib/rails/rack/static.rb:31:in `call'
    /home/tupis/.gem/ruby/1.8/gems/rack-1.0.1/lib/rack/urlmap.rb:46:in `call'
    /home/tupis/.gem/ruby/1.8/gems/rack-1.0.1/lib/rack/urlmap.rb:40:in `each'
    /home/tupis/.gem/ruby/1.8/gems/rack-1.0.1/lib/rack/urlmap.rb:40:in `call'
    /home/tupis/.gem/ruby/1.8/gems/rails-2.3.5/lib/rails/rack/log_tailer.rb:17:in `call'
    /home/tupis/.gem/ruby/1.8/gems/rack-1.0.1/lib/rack/content_length.rb:13:in `call'
    /home/tupis/.gem/ruby/1.8/gems/rack-1.0.1/lib/rack/handler/webrick.rb:50:in `service'
    /usr/lib/ruby/1.8/webrick/httpserver.rb:104:in `service'
    /usr/lib/ruby/1.8/webrick/httpserver.rb:65:in `run'
    /usr/lib/ruby/1.8/webrick/server.rb:173:in `start_thread'
    /usr/lib/ruby/1.8/webrick/server.rb:162:in `start'
    /usr/lib/ruby/1.8/webrick/server.rb:162:in `start_thread'
    /usr/lib/ruby/1.8/webrick/server.rb:95:in `start'
    /usr/lib/ruby/1.8/webrick/server.rb:92:in `each'
    /usr/lib/ruby/1.8/webrick/server.rb:92:in `start'
    /usr/lib/ruby/1.8/webrick/server.rb:23:in `start'
    /usr/lib/ruby/1.8/webrick/server.rb:82:in `start'
    /home/tupis/.gem/ruby/1.8/gems/rack-1.0.1/lib/rack/handler/webrick.rb:14:in `run'
    /home/tupis/.gem/ruby/1.8/gems/rails-2.3.5/lib/commands/server.rb:111
    /usr/lib/ruby/site_ruby/1.8/rubygems/custom_require.rb:31:in `gem_original_require'
    /usr/lib/ruby/site_ruby/1.8/rubygems/custom_require.rb:31:in `require'
    script/server:3
/!\ FAILSAFE /!\  Fri Jan 29 21:48:07 +0200 2010
  Status: 500 Internal Server Error
  no such file to load -- sqlite3
    /usr/lib/ruby/site_ruby/1.8/rubygems/custom_require.rb:31:in `gem_original_require'
    /usr/lib/ruby/site_ruby/1.8/rubygems/custom_require.rb:31:in `require'
    /home/tupis/.gem/ruby/1.8/gems/activesupport-2.3.5/lib/active_support/dependencies.rb:156:in `require'
    /home/tupis/.gem/ruby/1.8/gems/activesupport-2.3.5/lib/active_support/dependencies.rb:521:in `new_constants_in'
    /home/tupis/.gem/ruby/1.8/gems/activesupport-2.3.5/lib/active_support/dependencies.rb:156:in `require'
    /home/tupis/.gem/ruby/1.8/gems/activesupport-2.3.5/lib/active_support/core_ext/kernel/requires.rb:7:in `require_library_or_gem'
    /home/tupis/.gem/ruby/1.8/gems/activesupport-2.3.5/lib/active_support/core_ext/kernel/reporting.rb:11:in `silence_warnings'
    /home/tupis/.gem/ruby/1.8/gems/activesupport-2.3.5/lib/active_support/core_ext/kernel/requires.rb:5:in `require_library_or_gem'
    /home/tupis/.gem/ruby/1.8/gems/activerecord-2.3.5/lib/active_record/connection_adapters/sqlite3_adapter.rb:10:in `sqlite3_connection'
    /home/tupis/.gem/ruby/1.8/gems/activerecord-2.3.5/lib/active_record/connection_adapters/abstract/connection_pool.rb:223:in `send'
    /home/tupis/.gem/ruby/1.8/gems/activerecord-2.3.5/lib/active_record/connection_adapters/abstract/connection_pool.rb:223:in `new_connection'
    /home/tupis/.gem/ruby/1.8/gems/activerecord-2.3.5/lib/active_record/connection_adapters/abstract/connection_pool.rb:245:in `checkout_new_connection'
    /home/tupis/.gem/ruby/1.8/gems/activerecord-2.3.5/lib/active_record/connection_adapters/abstract/connection_pool.rb:188:in `checkout'
    /home/tupis/.gem/ruby/1.8/gems/activerecord-2.3.5/lib/active_record/connection_adapters/abstract/connection_pool.rb:184:in `loop'
    /home/tupis/.gem/ruby/1.8/gems/activerecord-2.3.5/lib/active_record/connection_adapters/abstract/connection_pool.rb:184:in `checkout'
    /usr/lib/ruby/1.8/monitor.rb:242:in `synchronize'
    /home/tupis/.gem/ruby/1.8/gems/activerecord-2.3.5/lib/active_record/connection_adapters/abstract/connection_pool.rb:183:in `checkout'
    /home/tupis/.gem/ruby/1.8/gems/activerecord-2.3.5/lib/active_record/connection_adapters/abstract/connection_pool.rb:98:in `connection'
    /home/tupis/.gem/ruby/1.8/gems/activerecord-2.3.5/lib/active_record/connection_adapters/abstract/connection_pool.rb:326:in `retrieve_connection'
    /home/tupis/.gem/ruby/1.8/gems/activerecord-2.3.5/lib/active_record/connection_adapters/abstract/connection_specification.rb:123:in `retrieve_connection'
    /home/tupis/.gem/ruby/1.8/gems/activerecord-2.3.5/lib/active_record/connection_adapters/abstract/connection_specification.rb:115:in `connection'
    /home/tupis/.gem/ruby/1.8/gems/activerecord-2.3.5/lib/active_record/query_cache.rb:9:in `cache'
    /home/tupis/.gem/ruby/1.8/gems/activerecord-2.3.5/lib/active_record/query_cache.rb:28:in `call'
    /home/tupis/.gem/ruby/1.8/gems/activerecord-2.3.5/lib/active_record/connection_adapters/abstract/connection_pool.rb:361:in `call'
    /home/tupis/.gem/ruby/1.8/gems/actionpack-2.3.5/lib/action_controller/string_coercion.rb:25:in `call'
    /home/tupis/.gem/ruby/1.8/gems/rack-1.0.1/lib/rack/head.rb:9:in `call'
    /home/tupis/.gem/ruby/1.8/gems/rack-1.0.1/lib/rack/methodoverride.rb:24:in `call'
    /home/tupis/.gem/ruby/1.8/gems/actionpack-2.3.5/lib/action_controller/params_parser.rb:15:in `call'
    /home/tupis/.gem/ruby/1.8/gems/actionpack-2.3.5/lib/action_controller/session/cookie_store.rb:93:in `call'
    /home/tupis/.gem/ruby/1.8/gems/actionpack-2.3.5/lib/action_controller/failsafe.rb:26:in `call'
    /home/tupis/.gem/ruby/1.8/gems/rack-1.0.1/lib/rack/lock.rb:11:in `call'
    /home/tupis/.gem/ruby/1.8/gems/rack-1.0.1/lib/rack/lock.rb:11:in `synchronize'
    /home/tupis/.gem/ruby/1.8/gems/rack-1.0.1/lib/rack/lock.rb:11:in `call'
    /home/tupis/.gem/ruby/1.8/gems/actionpack-2.3.5/lib/action_controller/dispatcher.rb:114:in `call'
    /home/tupis/.gem/ruby/1.8/gems/actionpack-2.3.5/lib/action_controller/reloader.rb:34:in `run'
    /home/tupis/.gem/ruby/1.8/gems/actionpack-2.3.5/lib/action_controller/dispatcher.rb:108:in `call'
    /home/tupis/.gem/ruby/1.8/gems/rails-2.3.5/lib/rails/rack/static.rb:31:in `call'
    /home/tupis/.gem/ruby/1.8/gems/rack-1.0.1/lib/rack/urlmap.rb:46:in `call'
    /home/tupis/.gem/ruby/1.8/gems/rack-1.0.1/lib/rack/urlmap.rb:40:in `each'
    /home/tupis/.gem/ruby/1.8/gems/rack-1.0.1/lib/rack/urlmap.rb:40:in `call'
    /home/tupis/.gem/ruby/1.8/gems/rails-2.3.5/lib/rails/rack/log_tailer.rb:17:in `call'
    /home/tupis/.gem/ruby/1.8/gems/rack-1.0.1/lib/rack/content_length.rb:13:in `call'
    /home/tupis/.gem/ruby/1.8/gems/rack-1.0.1/lib/rack/handler/webrick.rb:50:in `service'
    /usr/lib/ruby/1.8/webrick/httpserver.rb:104:in `service'
    /usr/lib/ruby/1.8/webrick/httpserver.rb:65:in `run'
    /usr/lib/ruby/1.8/webrick/server.rb:173:in `start_thread'
    /usr/lib/ruby/1.8/webrick/server.rb:162:in `start'
    /usr/lib/ruby/1.8/webrick/server.rb:162:in `start_thread'
    /usr/lib/ruby/1.8/webrick/server.rb:95:in `start'
    /usr/lib/ruby/1.8/webrick/server.rb:92:in `each'
    /usr/lib/ruby/1.8/webrick/server.rb:92:in `start'
    /usr/lib/ruby/1.8/webrick/server.rb:23:in `start'
    /usr/lib/ruby/1.8/webrick/server.rb:82:in `start'
    /home/tupis/.gem/ruby/1.8/gems/rack-1.0.1/lib/rack/handler/webrick.rb:14:in `run'
    /home/tupis/.gem/ruby/1.8/gems/rails-2.3.5/lib/commands/server.rb:111
    /usr/lib/ruby/site_ruby/1.8/rubygems/custom_require.rb:31:in `gem_original_require'
    /usr/lib/ruby/site_ruby/1.8/rubygems/custom_require.rb:31:in `require'
    script/server:3
/!\ FAILSAFE /!\  Fri Jan 29 21:48:14 +0200 2010
  Status: 500 Internal Server Error
  no such file to load -- sqlite3
    /usr/lib/ruby/site_ruby/1.8/rubygems/custom_require.rb:31:in `gem_original_require'
    /usr/lib/ruby/site_ruby/1.8/rubygems/custom_require.rb:31:in `require'
    /home/tupis/.gem/ruby/1.8/gems/activesupport-2.3.5/lib/active_support/dependencies.rb:156:in `require'
    /home/tupis/.gem/ruby/1.8/gems/activesupport-2.3.5/lib/active_support/dependencies.rb:521:in `new_constants_in'
    /home/tupis/.gem/ruby/1.8/gems/activesupport-2.3.5/lib/active_support/dependencies.rb:156:in `require'
    /home/tupis/.gem/ruby/1.8/gems/activesupport-2.3.5/lib/active_support/core_ext/kernel/requires.rb:7:in `require_library_or_gem'
    /home/tupis/.gem/ruby/1.8/gems/activesupport-2.3.5/lib/active_support/core_ext/kernel/reporting.rb:11:in `silence_warnings'
    /home/tupis/.gem/ruby/1.8/gems/activesupport-2.3.5/lib/active_support/core_ext/kernel/requires.rb:5:in `require_library_or_gem'
    /home/tupis/.gem/ruby/1.8/gems/activerecord-2.3.5/lib/active_record/connection_adapters/sqlite3_adapter.rb:10:in `sqlite3_connection'
    /home/tupis/.gem/ruby/1.8/gems/activerecord-2.3.5/lib/active_record/connection_adapters/abstract/connection_pool.rb:223:in `send'
    /home/tupis/.gem/ruby/1.8/gems/activerecord-2.3.5/lib/active_record/connection_adapters/abstract/connection_pool.rb:223:in `new_connection'
    /home/tupis/.gem/ruby/1.8/gems/activerecord-2.3.5/lib/active_record/connection_adapters/abstract/connection_pool.rb:245:in `checkout_new_connection'
    /home/tupis/.gem/ruby/1.8/gems/activerecord-2.3.5/lib/active_record/connection_adapters/abstract/connection_pool.rb:188:in `checkout'
    /home/tupis/.gem/ruby/1.8/gems/activerecord-2.3.5/lib/active_record/connection_adapters/abstract/connection_pool.rb:184:in `loop'
    /home/tupis/.gem/ruby/1.8/gems/activerecord-2.3.5/lib/active_record/connection_adapters/abstract/connection_pool.rb:184:in `checkout'
    /usr/lib/ruby/1.8/monitor.rb:242:in `synchronize'
    /home/tupis/.gem/ruby/1.8/gems/activerecord-2.3.5/lib/active_record/connection_adapters/abstract/connection_pool.rb:183:in `checkout'
    /home/tupis/.gem/ruby/1.8/gems/activerecord-2.3.5/lib/active_record/connection_adapters/abstract/connection_pool.rb:98:in `connection'
    /home/tupis/.gem/ruby/1.8/gems/activerecord-2.3.5/lib/active_record/connection_adapters/abstract/connection_pool.rb:326:in `retrieve_connection'
    /home/tupis/.gem/ruby/1.8/gems/activerecord-2.3.5/lib/active_record/connection_adapters/abstract/connection_specification.rb:123:in `retrieve_connection'
    /home/tupis/.gem/ruby/1.8/gems/activerecord-2.3.5/lib/active_record/connection_adapters/abstract/connection_specification.rb:115:in `connection'
    /home/tupis/.gem/ruby/1.8/gems/activerecord-2.3.5/lib/active_record/query_cache.rb:9:in `cache'
    /home/tupis/.gem/ruby/1.8/gems/activerecord-2.3.5/lib/active_record/query_cache.rb:28:in `call'
    /home/tupis/.gem/ruby/1.8/gems/activerecord-2.3.5/lib/active_record/connection_adapters/abstract/connection_pool.rb:361:in `call'
    /home/tupis/.gem/ruby/1.8/gems/actionpack-2.3.5/lib/action_controller/string_coercion.rb:25:in `call'
    /home/tupis/.gem/ruby/1.8/gems/rack-1.0.1/lib/rack/head.rb:9:in `call'
    /home/tupis/.gem/ruby/1.8/gems/rack-1.0.1/lib/rack/methodoverride.rb:24:in `call'
    /home/tupis/.gem/ruby/1.8/gems/actionpack-2.3.5/lib/action_controller/params_parser.rb:15:in `call'
    /home/tupis/.gem/ruby/1.8/gems/actionpack-2.3.5/lib/action_controller/session/cookie_store.rb:93:in `call'
    /home/tupis/.gem/ruby/1.8/gems/actionpack-2.3.5/lib/action_controller/failsafe.rb:26:in `call'
    /home/tupis/.gem/ruby/1.8/gems/rack-1.0.1/lib/rack/lock.rb:11:in `call'
    /home/tupis/.gem/ruby/1.8/gems/rack-1.0.1/lib/rack/lock.rb:11:in `synchronize'
    /home/tupis/.gem/ruby/1.8/gems/rack-1.0.1/lib/rack/lock.rb:11:in `call'
    /home/tupis/.gem/ruby/1.8/gems/actionpack-2.3.5/lib/action_controller/dispatcher.rb:114:in `call'
    /home/tupis/.gem/ruby/1.8/gems/actionpack-2.3.5/lib/action_controller/reloader.rb:34:in `run'
    /home/tupis/.gem/ruby/1.8/gems/actionpack-2.3.5/lib/action_controller/dispatcher.rb:108:in `call'
    /home/tupis/.gem/ruby/1.8/gems/rails-2.3.5/lib/rails/rack/static.rb:31:in `call'
    /home/tupis/.gem/ruby/1.8/gems/rack-1.0.1/lib/rack/urlmap.rb:46:in `call'
    /home/tupis/.gem/ruby/1.8/gems/rack-1.0.1/lib/rack/urlmap.rb:40:in `each'
    /home/tupis/.gem/ruby/1.8/gems/rack-1.0.1/lib/rack/urlmap.rb:40:in `call'
    /home/tupis/.gem/ruby/1.8/gems/rails-2.3.5/lib/rails/rack/log_tailer.rb:17:in `call'
    /home/tupis/.gem/ruby/1.8/gems/rack-1.0.1/lib/rack/content_length.rb:13:in `call'
    /home/tupis/.gem/ruby/1.8/gems/rack-1.0.1/lib/rack/handler/webrick.rb:50:in `service'
    /usr/lib/ruby/1.8/webrick/httpserver.rb:104:in `service'
    /usr/lib/ruby/1.8/webrick/httpserver.rb:65:in `run'
    /usr/lib/ruby/1.8/webrick/server.rb:173:in `start_thread'
    /usr/lib/ruby/1.8/webrick/server.rb:162:in `start'
    /usr/lib/ruby/1.8/webrick/server.rb:162:in `start_thread'
    /usr/lib/ruby/1.8/webrick/server.rb:95:in `start'
    /usr/lib/ruby/1.8/webrick/server.rb:92:in `each'
    /usr/lib/ruby/1.8/webrick/server.rb:92:in `start'
    /usr/lib/ruby/1.8/webrick/server.rb:23:in `start'
    /usr/lib/ruby/1.8/webrick/server.rb:82:in `start'
    /home/tupis/.gem/ruby/1.8/gems/rack-1.0.1/lib/rack/handler/webrick.rb:14:in `run'
    /home/tupis/.gem/ruby/1.8/gems/rails-2.3.5/lib/commands/server.rb:111
    /usr/lib/ruby/site_ruby/1.8/rubygems/custom_require.rb:31:in `gem_original_require'
    /usr/lib/ruby/site_ruby/1.8/rubygems/custom_require.rb:31:in `require'
    script/server:3
/!\ FAILSAFE /!\  Fri Jan 29 21:48:19 +0200 2010
  Status: 500 Internal Server Error
  no such file to load -- sqlite3
    /usr/lib/ruby/site_ruby/1.8/rubygems/custom_require.rb:31:in `gem_original_require'
    /usr/lib/ruby/site_ruby/1.8/rubygems/custom_require.rb:31:in `require'
    /home/tupis/.gem/ruby/1.8/gems/activesupport-2.3.5/lib/active_support/dependencies.rb:156:in `require'
    /home/tupis/.gem/ruby/1.8/gems/activesupport-2.3.5/lib/active_support/dependencies.rb:521:in `new_constants_in'
    /home/tupis/.gem/ruby/1.8/gems/activesupport-2.3.5/lib/active_support/dependencies.rb:156:in `require'
    /home/tupis/.gem/ruby/1.8/gems/activesupport-2.3.5/lib/active_support/core_ext/kernel/requires.rb:7:in `require_library_or_gem'
    /home/tupis/.gem/ruby/1.8/gems/activesupport-2.3.5/lib/active_support/core_ext/kernel/reporting.rb:11:in `silence_warnings'
    /home/tupis/.gem/ruby/1.8/gems/activesupport-2.3.5/lib/active_support/core_ext/kernel/requires.rb:5:in `require_library_or_gem'
    /home/tupis/.gem/ruby/1.8/gems/activerecord-2.3.5/lib/active_record/connection_adapters/sqlite3_adapter.rb:10:in `sqlite3_connection'
    /home/tupis/.gem/ruby/1.8/gems/activerecord-2.3.5/lib/active_record/connection_adapters/abstract/connection_pool.rb:223:in `send'
    /home/tupis/.gem/ruby/1.8/gems/activerecord-2.3.5/lib/active_record/connection_adapters/abstract/connection_pool.rb:223:in `new_connection'
    /home/tupis/.gem/ruby/1.8/gems/activerecord-2.3.5/lib/active_record/connection_adapters/abstract/connection_pool.rb:245:in `checkout_new_connection'
    /home/tupis/.gem/ruby/1.8/gems/activerecord-2.3.5/lib/active_record/connection_adapters/abstract/connection_pool.rb:188:in `checkout'
    /home/tupis/.gem/ruby/1.8/gems/activerecord-2.3.5/lib/active_record/connection_adapters/abstract/connection_pool.rb:184:in `loop'
    /home/tupis/.gem/ruby/1.8/gems/activerecord-2.3.5/lib/active_record/connection_adapters/abstract/connection_pool.rb:184:in `checkout'
    /usr/lib/ruby/1.8/monitor.rb:242:in `synchronize'
    /home/tupis/.gem/ruby/1.8/gems/activerecord-2.3.5/lib/active_record/connection_adapters/abstract/connection_pool.rb:183:in `checkout'
    /home/tupis/.gem/ruby/1.8/gems/activerecord-2.3.5/lib/active_record/connection_adapters/abstract/connection_pool.rb:98:in `connection'
    /home/tupis/.gem/ruby/1.8/gems/activerecord-2.3.5/lib/active_record/connection_adapters/abstract/connection_pool.rb:326:in `retrieve_connection'
    /home/tupis/.gem/ruby/1.8/gems/activerecord-2.3.5/lib/active_record/connection_adapters/abstract/connection_specification.rb:123:in `retrieve_connection'
    /home/tupis/.gem/ruby/1.8/gems/activerecord-2.3.5/lib/active_record/connection_adapters/abstract/connection_specification.rb:115:in `connection'
    /home/tupis/.gem/ruby/1.8/gems/activerecord-2.3.5/lib/active_record/query_cache.rb:9:in `cache'
    /home/tupis/.gem/ruby/1.8/gems/activerecord-2.3.5/lib/active_record/query_cache.rb:28:in `call'
    /home/tupis/.gem/ruby/1.8/gems/activerecord-2.3.5/lib/active_record/connection_adapters/abstract/connection_pool.rb:361:in `call'
    /home/tupis/.gem/ruby/1.8/gems/actionpack-2.3.5/lib/action_controller/string_coercion.rb:25:in `call'
    /home/tupis/.gem/ruby/1.8/gems/rack-1.0.1/lib/rack/head.rb:9:in `call'
    /home/tupis/.gem/ruby/1.8/gems/rack-1.0.1/lib/rack/methodoverride.rb:24:in `call'
    /home/tupis/.gem/ruby/1.8/gems/actionpack-2.3.5/lib/action_controller/params_parser.rb:15:in `call'
    /home/tupis/.gem/ruby/1.8/gems/actionpack-2.3.5/lib/action_controller/session/cookie_store.rb:93:in `call'
    /home/tupis/.gem/ruby/1.8/gems/actionpack-2.3.5/lib/action_controller/failsafe.rb:26:in `call'
    /home/tupis/.gem/ruby/1.8/gems/rack-1.0.1/lib/rack/lock.rb:11:in `call'
    /home/tupis/.gem/ruby/1.8/gems/rack-1.0.1/lib/rack/lock.rb:11:in `synchronize'
    /home/tupis/.gem/ruby/1.8/gems/rack-1.0.1/lib/rack/lock.rb:11:in `call'
    /home/tupis/.gem/ruby/1.8/gems/actionpack-2.3.5/lib/action_controller/dispatcher.rb:114:in `call'
    /home/tupis/.gem/ruby/1.8/gems/actionpack-2.3.5/lib/action_controller/reloader.rb:34:in `run'
    /home/tupis/.gem/ruby/1.8/gems/actionpack-2.3.5/lib/action_controller/dispatcher.rb:108:in `call'
    /home/tupis/.gem/ruby/1.8/gems/rails-2.3.5/lib/rails/rack/static.rb:31:in `call'
    /home/tupis/.gem/ruby/1.8/gems/rack-1.0.1/lib/rack/urlmap.rb:46:in `call'
    /home/tupis/.gem/ruby/1.8/gems/rack-1.0.1/lib/rack/urlmap.rb:40:in `each'
    /home/tupis/.gem/ruby/1.8/gems/rack-1.0.1/lib/rack/urlmap.rb:40:in `call'
    /home/tupis/.gem/ruby/1.8/gems/rails-2.3.5/lib/rails/rack/log_tailer.rb:17:in `call'
    /home/tupis/.gem/ruby/1.8/gems/rack-1.0.1/lib/rack/content_length.rb:13:in `call'
    /home/tupis/.gem/ruby/1.8/gems/rack-1.0.1/lib/rack/handler/webrick.rb:50:in `service'
    /usr/lib/ruby/1.8/webrick/httpserver.rb:104:in `service'
    /usr/lib/ruby/1.8/webrick/httpserver.rb:65:in `run'
    /usr/lib/ruby/1.8/webrick/server.rb:173:in `start_thread'
    /usr/lib/ruby/1.8/webrick/server.rb:162:in `start'
    /usr/lib/ruby/1.8/webrick/server.rb:162:in `start_thread'
    /usr/lib/ruby/1.8/webrick/server.rb:95:in `start'
    /usr/lib/ruby/1.8/webrick/server.rb:92:in `each'
    /usr/lib/ruby/1.8/webrick/server.rb:92:in `start'
    /usr/lib/ruby/1.8/webrick/server.rb:23:in `start'
    /usr/lib/ruby/1.8/webrick/server.rb:82:in `start'
    /home/tupis/.gem/ruby/1.8/gems/rack-1.0.1/lib/rack/handler/webrick.rb:14:in `run'
    /home/tupis/.gem/ruby/1.8/gems/rails-2.3.5/lib/commands/server.rb:111
    /usr/lib/ruby/site_ruby/1.8/rubygems/custom_require.rb:31:in `gem_original_require'
    /usr/lib/ruby/site_ruby/1.8/rubygems/custom_require.rb:31:in `require'
    script/server:3
/!\ FAILSAFE /!\  Fri Jan 29 21:48:26 +0200 2010
  Status: 500 Internal Server Error
  no such file to load -- sqlite3
    /usr/lib/ruby/site_ruby/1.8/rubygems/custom_require.rb:31:in `gem_original_require'
    /usr/lib/ruby/site_ruby/1.8/rubygems/custom_require.rb:31:in `require'
    /home/tupis/.gem/ruby/1.8/gems/activesupport-2.3.5/lib/active_support/dependencies.rb:156:in `require'
    /home/tupis/.gem/ruby/1.8/gems/activesupport-2.3.5/lib/active_support/dependencies.rb:521:in `new_constants_in'
    /home/tupis/.gem/ruby/1.8/gems/activesupport-2.3.5/lib/active_support/dependencies.rb:156:in `require'
    /home/tupis/.gem/ruby/1.8/gems/activesupport-2.3.5/lib/active_support/core_ext/kernel/requires.rb:7:in `require_library_or_gem'
    /home/tupis/.gem/ruby/1.8/gems/activesupport-2.3.5/lib/active_support/core_ext/kernel/reporting.rb:11:in `silence_warnings'
    /home/tupis/.gem/ruby/1.8/gems/activesupport-2.3.5/lib/active_support/core_ext/kernel/requires.rb:5:in `require_library_or_gem'
    /home/tupis/.gem/ruby/1.8/gems/activerecord-2.3.5/lib/active_record/connection_adapters/sqlite3_adapter.rb:10:in `sqlite3_connection'
    /home/tupis/.gem/ruby/1.8/gems/activerecord-2.3.5/lib/active_record/connection_adapters/abstract/connection_pool.rb:223:in `send'
    /home/tupis/.gem/ruby/1.8/gems/activerecord-2.3.5/lib/active_record/connection_adapters/abstract/connection_pool.rb:223:in `new_connection'
    /home/tupis/.gem/ruby/1.8/gems/activerecord-2.3.5/lib/active_record/connection_adapters/abstract/connection_pool.rb:245:in `checkout_new_connection'
    /home/tupis/.gem/ruby/1.8/gems/activerecord-2.3.5/lib/active_record/connection_adapters/abstract/connection_pool.rb:188:in `checkout'
    /home/tupis/.gem/ruby/1.8/gems/activerecord-2.3.5/lib/active_record/connection_adapters/abstract/connection_pool.rb:184:in `loop'
    /home/tupis/.gem/ruby/1.8/gems/activerecord-2.3.5/lib/active_record/connection_adapters/abstract/connection_pool.rb:184:in `checkout'
    /usr/lib/ruby/1.8/monitor.rb:242:in `synchronize'
    /home/tupis/.gem/ruby/1.8/gems/activerecord-2.3.5/lib/active_record/connection_adapters/abstract/connection_pool.rb:183:in `checkout'
    /home/tupis/.gem/ruby/1.8/gems/activerecord-2.3.5/lib/active_record/connection_adapters/abstract/connection_pool.rb:98:in `connection'
    /home/tupis/.gem/ruby/1.8/gems/activerecord-2.3.5/lib/active_record/connection_adapters/abstract/connection_pool.rb:326:in `retrieve_connection'
    /home/tupis/.gem/ruby/1.8/gems/activerecord-2.3.5/lib/active_record/connection_adapters/abstract/connection_specification.rb:123:in `retrieve_connection'
    /home/tupis/.gem/ruby/1.8/gems/activerecord-2.3.5/lib/active_record/connection_adapters/abstract/connection_specification.rb:115:in `connection'
    /home/tupis/.gem/ruby/1.8/gems/activerecord-2.3.5/lib/active_record/query_cache.rb:9:in `cache'
    /home/tupis/.gem/ruby/1.8/gems/activerecord-2.3.5/lib/active_record/query_cache.rb:28:in `call'
    /home/tupis/.gem/ruby/1.8/gems/activerecord-2.3.5/lib/active_record/connection_adapters/abstract/connection_pool.rb:361:in `call'
    /home/tupis/.gem/ruby/1.8/gems/actionpack-2.3.5/lib/action_controller/string_coercion.rb:25:in `call'
    /home/tupis/.gem/ruby/1.8/gems/rack-1.0.1/lib/rack/head.rb:9:in `call'
    /home/tupis/.gem/ruby/1.8/gems/rack-1.0.1/lib/rack/methodoverride.rb:24:in `call'
    /home/tupis/.gem/ruby/1.8/gems/actionpack-2.3.5/lib/action_controller/params_parser.rb:15:in `call'
    /home/tupis/.gem/ruby/1.8/gems/actionpack-2.3.5/lib/action_controller/session/cookie_store.rb:93:in `call'
    /home/tupis/.gem/ruby/1.8/gems/actionpack-2.3.5/lib/action_controller/failsafe.rb:26:in `call'
    /home/tupis/.gem/ruby/1.8/gems/rack-1.0.1/lib/rack/lock.rb:11:in `call'
    /home/tupis/.gem/ruby/1.8/gems/rack-1.0.1/lib/rack/lock.rb:11:in `synchronize'
    /home/tupis/.gem/ruby/1.8/gems/rack-1.0.1/lib/rack/lock.rb:11:in `call'
    /home/tupis/.gem/ruby/1.8/gems/actionpack-2.3.5/lib/action_controller/dispatcher.rb:114:in `call'
    /home/tupis/.gem/ruby/1.8/gems/actionpack-2.3.5/lib/action_controller/reloader.rb:34:in `run'
    /home/tupis/.gem/ruby/1.8/gems/actionpack-2.3.5/lib/action_controller/dispatcher.rb:108:in `call'
    /home/tupis/.gem/ruby/1.8/gems/rails-2.3.5/lib/rails/rack/static.rb:31:in `call'
    /home/tupis/.gem/ruby/1.8/gems/rack-1.0.1/lib/rack/urlmap.rb:46:in `call'
    /home/tupis/.gem/ruby/1.8/gems/rack-1.0.1/lib/rack/urlmap.rb:40:in `each'
    /home/tupis/.gem/ruby/1.8/gems/rack-1.0.1/lib/rack/urlmap.rb:40:in `call'
    /home/tupis/.gem/ruby/1.8/gems/rails-2.3.5/lib/rails/rack/log_tailer.rb:17:in `call'
    /home/tupis/.gem/ruby/1.8/gems/rack-1.0.1/lib/rack/content_length.rb:13:in `call'
    /home/tupis/.gem/ruby/1.8/gems/rack-1.0.1/lib/rack/handler/webrick.rb:50:in `service'
    /usr/lib/ruby/1.8/webrick/httpserver.rb:104:in `service'
    /usr/lib/ruby/1.8/webrick/httpserver.rb:65:in `run'
    /usr/lib/ruby/1.8/webrick/server.rb:173:in `start_thread'
    /usr/lib/ruby/1.8/webrick/server.rb:162:in `start'
    /usr/lib/ruby/1.8/webrick/server.rb:162:in `start_thread'
    /usr/lib/ruby/1.8/webrick/server.rb:95:in `start'
    /usr/lib/ruby/1.8/webrick/server.rb:92:in `each'
    /usr/lib/ruby/1.8/webrick/server.rb:92:in `start'
    /usr/lib/ruby/1.8/webrick/server.rb:23:in `start'
    /usr/lib/ruby/1.8/webrick/server.rb:82:in `start'
    /home/tupis/.gem/ruby/1.8/gems/rack-1.0.1/lib/rack/handler/webrick.rb:14:in `run'
    /home/tupis/.gem/ruby/1.8/gems/rails-2.3.5/lib/commands/server.rb:111
    /usr/lib/ruby/site_ruby/1.8/rubygems/custom_require.rb:31:in `gem_original_require'
    /usr/lib/ruby/site_ruby/1.8/rubygems/custom_require.rb:31:in `require'
    script/server:3
/!\ FAILSAFE /!\  Fri Jan 29 21:50:33 +0200 2010
  Status: 500 Internal Server Error
  no such file to load -- sqlite3
    /usr/lib/ruby/site_ruby/1.8/rubygems/custom_require.rb:31:in `gem_original_require'
    /usr/lib/ruby/site_ruby/1.8/rubygems/custom_require.rb:31:in `require'
    /home/tupis/.gem/ruby/1.8/gems/activesupport-2.3.5/lib/active_support/dependencies.rb:156:in `require'
    /home/tupis/.gem/ruby/1.8/gems/activesupport-2.3.5/lib/active_support/dependencies.rb:521:in `new_constants_in'
    /home/tupis/.gem/ruby/1.8/gems/activesupport-2.3.5/lib/active_support/dependencies.rb:156:in `require'
    /home/tupis/.gem/ruby/1.8/gems/activesupport-2.3.5/lib/active_support/core_ext/kernel/requires.rb:7:in `require_library_or_gem'
    /home/tupis/.gem/ruby/1.8/gems/activesupport-2.3.5/lib/active_support/core_ext/kernel/reporting.rb:11:in `silence_warnings'
    /home/tupis/.gem/ruby/1.8/gems/activesupport-2.3.5/lib/active_support/core_ext/kernel/requires.rb:5:in `require_library_or_gem'
    /home/tupis/.gem/ruby/1.8/gems/activerecord-2.3.5/lib/active_record/connection_adapters/sqlite3_adapter.rb:10:in `sqlite3_connection'
    /home/tupis/.gem/ruby/1.8/gems/activerecord-2.3.5/lib/active_record/connection_adapters/abstract/connection_pool.rb:223:in `send'
    /home/tupis/.gem/ruby/1.8/gems/activerecord-2.3.5/lib/active_record/connection_adapters/abstract/connection_pool.rb:223:in `new_connection'
    /home/tupis/.gem/ruby/1.8/gems/activerecord-2.3.5/lib/active_record/connection_adapters/abstract/connection_pool.rb:245:in `checkout_new_connection'
    /home/tupis/.gem/ruby/1.8/gems/activerecord-2.3.5/lib/active_record/connection_adapters/abstract/connection_pool.rb:188:in `checkout'
    /home/tupis/.gem/ruby/1.8/gems/activerecord-2.3.5/lib/active_record/connection_adapters/abstract/connection_pool.rb:184:in `loop'
    /home/tupis/.gem/ruby/1.8/gems/activerecord-2.3.5/lib/active_record/connection_adapters/abstract/connection_pool.rb:184:in `checkout'
    /usr/lib/ruby/1.8/monitor.rb:242:in `synchronize'
    /home/tupis/.gem/ruby/1.8/gems/activerecord-2.3.5/lib/active_record/connection_adapters/abstract/connection_pool.rb:183:in `checkout'
    /home/tupis/.gem/ruby/1.8/gems/activerecord-2.3.5/lib/active_record/connection_adapters/abstract/connection_pool.rb:98:in `connection'
    /home/tupis/.gem/ruby/1.8/gems/activerecord-2.3.5/lib/active_record/connection_adapters/abstract/connection_pool.rb:326:in `retrieve_connection'
    /home/tupis/.gem/ruby/1.8/gems/activerecord-2.3.5/lib/active_record/connection_adapters/abstract/connection_specification.rb:123:in `retrieve_connection'
    /home/tupis/.gem/ruby/1.8/gems/activerecord-2.3.5/lib/active_record/connection_adapters/abstract/connection_specification.rb:115:in `connection'
    /home/tupis/.gem/ruby/1.8/gems/activerecord-2.3.5/lib/active_record/query_cache.rb:9:in `cache'
    /home/tupis/.gem/ruby/1.8/gems/activerecord-2.3.5/lib/active_record/query_cache.rb:28:in `call'
    /home/tupis/.gem/ruby/1.8/gems/activerecord-2.3.5/lib/active_record/connection_adapters/abstract/connection_pool.rb:361:in `call'
    /home/tupis/.gem/ruby/1.8/gems/actionpack-2.3.5/lib/action_controller/string_coercion.rb:25:in `call'
    /home/tupis/.gem/ruby/1.8/gems/rack-1.0.1/lib/rack/head.rb:9:in `call'
    /home/tupis/.gem/ruby/1.8/gems/rack-1.0.1/lib/rack/methodoverride.rb:24:in `call'
    /home/tupis/.gem/ruby/1.8/gems/actionpack-2.3.5/lib/action_controller/params_parser.rb:15:in `call'
    /home/tupis/.gem/ruby/1.8/gems/actionpack-2.3.5/lib/action_controller/session/cookie_store.rb:93:in `call'
    /home/tupis/.gem/ruby/1.8/gems/actionpack-2.3.5/lib/action_controller/failsafe.rb:26:in `call'
    /home/tupis/.gem/ruby/1.8/gems/rack-1.0.1/lib/rack/lock.rb:11:in `call'
    /home/tupis/.gem/ruby/1.8/gems/rack-1.0.1/lib/rack/lock.rb:11:in `synchronize'
    /home/tupis/.gem/ruby/1.8/gems/rack-1.0.1/lib/rack/lock.rb:11:in `call'
    /home/tupis/.gem/ruby/1.8/gems/actionpack-2.3.5/lib/action_controller/dispatcher.rb:114:in `call'
    /home/tupis/.gem/ruby/1.8/gems/actionpack-2.3.5/lib/action_controller/reloader.rb:34:in `run'
    /home/tupis/.gem/ruby/1.8/gems/actionpack-2.3.5/lib/action_controller/dispatcher.rb:108:in `call'
    /home/tupis/.gem/ruby/1.8/gems/rails-2.3.5/lib/rails/rack/static.rb:31:in `call'
    /home/tupis/.gem/ruby/1.8/gems/rack-1.0.1/lib/rack/urlmap.rb:46:in `call'
    /home/tupis/.gem/ruby/1.8/gems/rack-1.0.1/lib/rack/urlmap.rb:40:in `each'
    /home/tupis/.gem/ruby/1.8/gems/rack-1.0.1/lib/rack/urlmap.rb:40:in `call'
    /home/tupis/.gem/ruby/1.8/gems/rails-2.3.5/lib/rails/rack/log_tailer.rb:17:in `call'
    /home/tupis/.gem/ruby/1.8/gems/rack-1.0.1/lib/rack/content_length.rb:13:in `call'
    /home/tupis/.gem/ruby/1.8/gems/rack-1.0.1/lib/rack/handler/webrick.rb:50:in `service'
    /usr/lib/ruby/1.8/webrick/httpserver.rb:104:in `service'
    /usr/lib/ruby/1.8/webrick/httpserver.rb:65:in `run'
    /usr/lib/ruby/1.8/webrick/server.rb:173:in `start_thread'
    /usr/lib/ruby/1.8/webrick/server.rb:162:in `start'
    /usr/lib/ruby/1.8/webrick/server.rb:162:in `start_thread'
    /usr/lib/ruby/1.8/webrick/server.rb:95:in `start'
    /usr/lib/ruby/1.8/webrick/server.rb:92:in `each'
    /usr/lib/ruby/1.8/webrick/server.rb:92:in `start'
    /usr/lib/ruby/1.8/webrick/server.rb:23:in `start'
    /usr/lib/ruby/1.8/webrick/server.rb:82:in `start'
    /home/tupis/.gem/ruby/1.8/gems/rack-1.0.1/lib/rack/handler/webrick.rb:14:in `run'
    /home/tupis/.gem/ruby/1.8/gems/rails-2.3.5/lib/commands/server.rb:111
    /usr/lib/ruby/site_ruby/1.8/rubygems/custom_require.rb:31:in `gem_original_require'
    /usr/lib/ruby/site_ruby/1.8/rubygems/custom_require.rb:31:in `require'
    script/server:3


Processing ApplicationController#index (for 127.0.0.1 at 2010-01-30 00:06:15) [GET]

ActionController::RoutingError (No route matches "/" with {:method=>:get}):
  /usr/lib/ruby/1.8/webrick/httpserver.rb:104:in `service'
  /usr/lib/ruby/1.8/webrick/httpserver.rb:65:in `run'
  /usr/lib/ruby/1.8/webrick/server.rb:173:in `start_thread'
  /usr/lib/ruby/1.8/webrick/server.rb:162:in `start'
  /usr/lib/ruby/1.8/webrick/server.rb:162:in `start_thread'
  /usr/lib/ruby/1.8/webrick/server.rb:95:in `start'
  /usr/lib/ruby/1.8/webrick/server.rb:92:in `each'
  /usr/lib/ruby/1.8/webrick/server.rb:92:in `start'
  /usr/lib/ruby/1.8/webrick/server.rb:23:in `start'
  /usr/lib/ruby/1.8/webrick/server.rb:82:in `start'

Rendering rescues/layout (not_found)


Processing ApplicationController#index (for 127.0.0.1 at 2010-01-30 00:06:25) [GET]

ActionController::RoutingError (No route matches "/pictures" with {:method=>:get}):
  /usr/lib/ruby/1.8/webrick/httpserver.rb:104:in `service'
  /usr/lib/ruby/1.8/webrick/httpserver.rb:65:in `run'
  /usr/lib/ruby/1.8/webrick/server.rb:173:in `start_thread'
  /usr/lib/ruby/1.8/webrick/server.rb:162:in `start'
  /usr/lib/ruby/1.8/webrick/server.rb:162:in `start_thread'
  /usr/lib/ruby/1.8/webrick/server.rb:95:in `start'
  /usr/lib/ruby/1.8/webrick/server.rb:92:in `each'
  /usr/lib/ruby/1.8/webrick/server.rb:92:in `start'
  /usr/lib/ruby/1.8/webrick/server.rb:23:in `start'
  /usr/lib/ruby/1.8/webrick/server.rb:82:in `start'

Rendering rescues/layout (not_found)


Processing ImagesController#index (for 127.0.0.1 at 2010-01-30 00:06:31) [GET]
  [4;36;1mImage Load (1.7ms)[0m   [0;1mSELECT * FROM "images" [0m
Rendering template within layouts/images
Rendering images/index
Completed in 345ms (View: 320, DB: 2) | 200 OK [http://0.0.0.0/images]


Processing ImagesController#new (for 127.0.0.1 at 2010-01-30 00:06:35) [GET]
Rendering template within layouts/images
Rendering images/new

ActionView::TemplateError (undefined method `name' for #<Image:0x7fc66dffae48>) on line #12 of app/views/images/new.html.erb:
9:   </p>
10:   <p>
11:     <%= f.label :name %><br />
12:     <%= f.text_field :name %>
13:   </p>
14:   <p>
15:     <%= f.label :type %><br />

    app/views/images/new.html.erb:12
    app/views/images/new.html.erb:3
    app/controllers/images_controller.rb:29:in `new'
    /usr/lib/ruby/1.8/webrick/httpserver.rb:104:in `service'
    /usr/lib/ruby/1.8/webrick/httpserver.rb:65:in `run'
    /usr/lib/ruby/1.8/webrick/server.rb:173:in `start_thread'
    /usr/lib/ruby/1.8/webrick/server.rb:162:in `start'
    /usr/lib/ruby/1.8/webrick/server.rb:162:in `start_thread'
    /usr/lib/ruby/1.8/webrick/server.rb:95:in `start'
    /usr/lib/ruby/1.8/webrick/server.rb:92:in `each'
    /usr/lib/ruby/1.8/webrick/server.rb:92:in `start'
    /usr/lib/ruby/1.8/webrick/server.rb:23:in `start'
    /usr/lib/ruby/1.8/webrick/server.rb:82:in `start'

Rendered rescues/_trace (263.4ms)
Rendered rescues/_request_and_response (12.8ms)
Rendering rescues/layout (internal_server_error)


Processing ApplicationController#index (for 127.0.0.1 at 2010-01-30 00:11:05) [GET]

ActionController::RoutingError (No route matches "/" with {:method=>:get}):
  /usr/lib/ruby/1.8/webrick/httpserver.rb:104:in `service'
  /usr/lib/ruby/1.8/webrick/httpserver.rb:65:in `run'
  /usr/lib/ruby/1.8/webrick/server.rb:173:in `start_thread'
  /usr/lib/ruby/1.8/webrick/server.rb:162:in `start'
  /usr/lib/ruby/1.8/webrick/server.rb:162:in `start_thread'
  /usr/lib/ruby/1.8/webrick/server.rb:95:in `start'
  /usr/lib/ruby/1.8/webrick/server.rb:92:in `each'
  /usr/lib/ruby/1.8/webrick/server.rb:92:in `start'
  /usr/lib/ruby/1.8/webrick/server.rb:23:in `start'
  /usr/lib/ruby/1.8/webrick/server.rb:82:in `start'

Rendering rescues/layout (not_found)


Processing ImagesController#index (for 127.0.0.1 at 2010-01-30 00:11:11) [GET]
  [4;35;1mImage Load (1.3ms)[0m   [0mSELECT * FROM "images" [0m
Rendering template within layouts/images
Rendering images/index
Completed in 33ms (View: 9, DB: 1) | 200 OK [http://localhost/images]


Processing ImagesController#new (for 127.0.0.1 at 2010-01-30 00:17:33) [GET]
  [4;36;1mSQL (2.7ms)[0m   [0;1m SELECT name
 FROM sqlite_master
 WHERE type = 'table' AND NOT name = 'sqlite_sequence'
[0m
  [4;35;1mSQL (1.1ms)[0m   [0m SELECT name
 FROM sqlite_master
 WHERE type = 'table' AND NOT name = 'sqlite_sequence'
[0m

NoMethodError (undefined method `has_attached_file' for #<Class:0x7fc66debd620>):
  app/models/image.rb:2
  app/controllers/images_controller.rb:27:in `new'
  /usr/lib/ruby/1.8/webrick/httpserver.rb:104:in `service'
  /usr/lib/ruby/1.8/webrick/httpserver.rb:65:in `run'
  /usr/lib/ruby/1.8/webrick/server.rb:173:in `start_thread'
  /usr/lib/ruby/1.8/webrick/server.rb:162:in `start'
  /usr/lib/ruby/1.8/webrick/server.rb:162:in `start_thread'
  /usr/lib/ruby/1.8/webrick/server.rb:95:in `start'
  /usr/lib/ruby/1.8/webrick/server.rb:92:in `each'
  /usr/lib/ruby/1.8/webrick/server.rb:92:in `start'
  /usr/lib/ruby/1.8/webrick/server.rb:23:in `start'
  /usr/lib/ruby/1.8/webrick/server.rb:82:in `start'

Rendered rescues/_trace (198.6ms)
Rendered rescues/_request_and_response (2.7ms)
Rendering rescues/layout (internal_server_error)


Processing ImagesController#new (for 127.0.0.1 at 2010-01-30 00:18:31) [GET]
Rendering template within layouts/images
Rendering images/new

ActionView::TemplateError (undefined method `name' for #<Image:0x7fc66f7d57c0>) on line #12 of app/views/images/new.html.erb:
9:   </p>
10:   <p>
11:     <%= f.label :name %><br />
12:     <%= f.text_field :name %>
13:   </p>
14:   <p>
15:     <%= f.label :type %><br />

    app/views/images/new.html.erb:12
    app/views/images/new.html.erb:3
    app/controllers/images_controller.rb:29:in `new'
    /usr/lib/ruby/1.8/webrick/httpserver.rb:104:in `service'
    /usr/lib/ruby/1.8/webrick/httpserver.rb:65:in `run'
    /usr/lib/ruby/1.8/webrick/server.rb:173:in `start_thread'
    /usr/lib/ruby/1.8/webrick/server.rb:162:in `start'
    /usr/lib/ruby/1.8/webrick/server.rb:162:in `start_thread'
    /usr/lib/ruby/1.8/webrick/server.rb:95:in `start'
    /usr/lib/ruby/1.8/webrick/server.rb:92:in `each'
    /usr/lib/ruby/1.8/webrick/server.rb:92:in `start'
    /usr/lib/ruby/1.8/webrick/server.rb:23:in `start'
    /usr/lib/ruby/1.8/webrick/server.rb:82:in `start'

Rendered rescues/_trace (682.1ms)
Rendered rescues/_request_and_response (1.5ms)
Rendering rescues/layout (internal_server_error)
  [4;36;1mSQL (3.1ms)[0m   [0;1m SELECT name
 FROM sqlite_master
 WHERE type = 'table' AND NOT name = 'sqlite_sequence'
[0m
  [4;35;1mSQL (0.8ms)[0m   [0mSELECT version FROM schema_migrations[0m
Migrating to CreateImages (20100129192238)
  [4;36;1mSQL (0.8ms)[0m   [0;1mselect sqlite_version(*)[0m
  [4;35;1mSQL (1.0ms)[0m   [0m SELECT name
 FROM sqlite_master
 WHERE type = 'table' AND NOT name = 'sqlite_sequence'
[0m
  [4;36;1mSQL (0.7ms)[0m   [0;1mSELECT version FROM schema_migrations[0m
  [4;35;1mSQL (1.0ms)[0m   [0m SELECT name
 FROM sqlite_master
 WHERE type = 'table' AND NOT name = 'sqlite_sequence'
[0m
  [4;36;1mSQL (0.4ms)[0m   [0;1mPRAGMA index_list("images")[0m


Processing ImagesController#new (for 127.0.0.1 at 2010-01-30 00:22:43) [GET]
Rendering template within layouts/images
Rendering images/new
Completed in 91ms (View: 60, DB: 0) | 200 OK [http://localhost/images/new]


Processing ImagesController#index (for 127.0.0.1 at 2010-01-30 00:36:50) [GET]
  [4;36;1mSQL (2.8ms)[0m   [0;1m SELECT name
 FROM sqlite_master
 WHERE type = 'table' AND NOT name = 'sqlite_sequence'
[0m
  [4;35;1mSQL (1.1ms)[0m   [0m SELECT name
 FROM sqlite_master
 WHERE type = 'table' AND NOT name = 'sqlite_sequence'
[0m

NoMethodError (undefined method `has_attached_file' for #<Class:0x7fc66f6c0a38>):
  app/models/image.rb:2
  app/controllers/images_controller.rb:5:in `index'
  /usr/lib/ruby/1.8/webrick/httpserver.rb:104:in `service'
  /usr/lib/ruby/1.8/webrick/httpserver.rb:65:in `run'
  /usr/lib/ruby/1.8/webrick/server.rb:173:in `start_thread'
  /usr/lib/ruby/1.8/webrick/server.rb:162:in `start'
  /usr/lib/ruby/1.8/webrick/server.rb:162:in `start_thread'
  /usr/lib/ruby/1.8/webrick/server.rb:95:in `start'
  /usr/lib/ruby/1.8/webrick/server.rb:92:in `each'
  /usr/lib/ruby/1.8/webrick/server.rb:92:in `start'
  /usr/lib/ruby/1.8/webrick/server.rb:23:in `start'
  /usr/lib/ruby/1.8/webrick/server.rb:82:in `start'

Rendered rescues/_trace (656.9ms)
Rendered rescues/_request_and_response (1.4ms)
Rendering rescues/layout (internal_server_error)


Processing ImagesController#index (for 127.0.0.1 at 2010-01-30 00:37:45) [GET]
  [4;36;1mSQL (2.0ms)[0m   [0;1m SELECT name
 FROM sqlite_master
 WHERE type = 'table' AND NOT name = 'sqlite_sequence'
[0m
  [4;35;1mSQL (1.1ms)[0m   [0m SELECT name
 FROM sqlite_master
 WHERE type = 'table' AND NOT name = 'sqlite_sequence'
[0m

NoMethodError (undefined method `has_attached_file' for #<Class:0x7fc66de4ab70>):
  app/models/image.rb:2
  app/controllers/images_controller.rb:5:in `index'
  /usr/lib/ruby/1.8/webrick/httpserver.rb:104:in `service'
  /usr/lib/ruby/1.8/webrick/httpserver.rb:65:in `run'
  /usr/lib/ruby/1.8/webrick/server.rb:173:in `start_thread'
  /usr/lib/ruby/1.8/webrick/server.rb:162:in `start'
  /usr/lib/ruby/1.8/webrick/server.rb:162:in `start_thread'
  /usr/lib/ruby/1.8/webrick/server.rb:95:in `start'
  /usr/lib/ruby/1.8/webrick/server.rb:92:in `each'
  /usr/lib/ruby/1.8/webrick/server.rb:92:in `start'
  /usr/lib/ruby/1.8/webrick/server.rb:23:in `start'
  /usr/lib/ruby/1.8/webrick/server.rb:82:in `start'

Rendered rescues/_trace (194.8ms)
Rendered rescues/_request_and_response (4.8ms)
Rendering rescues/layout (internal_server_error)
  [4;36;1mSQL (2.2ms)[0m   [0;1m SELECT name
 FROM sqlite_master
 WHERE type = 'table' AND NOT name = 'sqlite_sequence'
[0m
  [4;35;1mSQL (0.9ms)[0m   [0mSELECT version FROM schema_migrations[0m
Migrating to CreateImages (20100129192238)
  [4;36;1mSQL (0.8ms)[0m   [0;1mselect sqlite_version(*)[0m
  [4;35;1mSQL (2.8ms)[0m   [0m SELECT name
 FROM sqlite_master
 WHERE type = 'table' AND NOT name = 'sqlite_sequence'
[0m
  [4;36;1mSQL (0.8ms)[0m   [0;1mSELECT version FROM schema_migrations[0m
  [4;35;1mSQL (0.9ms)[0m   [0m SELECT name
 FROM sqlite_master
 WHERE type = 'table' AND NOT name = 'sqlite_sequence'
[0m
  [4;36;1mSQL (0.3ms)[0m   [0;1mPRAGMA index_list("images")[0m


Processing ImagesController#index (for 127.0.0.1 at 2010-01-30 00:38:28) [GET]
  [4;36;1mSQL (2.7ms)[0m   [0;1m SELECT name
 FROM sqlite_master
 WHERE type = 'table' AND NOT name = 'sqlite_sequence'
[0m
  [4;35;1mSQL (1.3ms)[0m   [0m SELECT name
 FROM sqlite_master
 WHERE type = 'table' AND NOT name = 'sqlite_sequence'
[0m

NoMethodError (undefined method `has_attached_file' for #<Class:0x7fc66f66dfe0>):
  app/models/image.rb:2
  app/controllers/images_controller.rb:5:in `index'
  /usr/lib/ruby/1.8/webrick/httpserver.rb:104:in `service'
  /usr/lib/ruby/1.8/webrick/httpserver.rb:65:in `run'
  /usr/lib/ruby/1.8/webrick/server.rb:173:in `start_thread'
  /usr/lib/ruby/1.8/webrick/server.rb:162:in `start'
  /usr/lib/ruby/1.8/webrick/server.rb:162:in `start_thread'
  /usr/lib/ruby/1.8/webrick/server.rb:95:in `start'
  /usr/lib/ruby/1.8/webrick/server.rb:92:in `each'
  /usr/lib/ruby/1.8/webrick/server.rb:92:in `start'
  /usr/lib/ruby/1.8/webrick/server.rb:23:in `start'
  /usr/lib/ruby/1.8/webrick/server.rb:82:in `start'

Rendered rescues/_trace (466.6ms)
Rendered rescues/_request_and_response (1.4ms)
Rendering rescues/layout (internal_server_error)


Processing ImagesController#index (for 127.0.0.1 at 2010-01-30 00:41:25) [GET]
  [4;36;1mSQL (3.1ms)[0m   [0;1m SELECT name
 FROM sqlite_master
 WHERE type = 'table' AND NOT name = 'sqlite_sequence'
[0m
  [4;35;1mSQL (1.2ms)[0m   [0m SELECT name
 FROM sqlite_master
 WHERE type = 'table' AND NOT name = 'sqlite_sequence'
[0m

NoMethodError (undefined method `has_attached_file' for #<Class:0x7fc66dddb978>):
  app/models/image.rb:2
  app/controllers/images_controller.rb:5:in `index'
  /usr/lib/ruby/1.8/webrick/httpserver.rb:104:in `service'
  /usr/lib/ruby/1.8/webrick/httpserver.rb:65:in `run'
  /usr/lib/ruby/1.8/webrick/server.rb:173:in `start_thread'
  /usr/lib/ruby/1.8/webrick/server.rb:162:in `start'
  /usr/lib/ruby/1.8/webrick/server.rb:162:in `start_thread'
  /usr/lib/ruby/1.8/webrick/server.rb:95:in `start'
  /usr/lib/ruby/1.8/webrick/server.rb:92:in `each'
  /usr/lib/ruby/1.8/webrick/server.rb:92:in `start'
  /usr/lib/ruby/1.8/webrick/server.rb:23:in `start'
  /usr/lib/ruby/1.8/webrick/server.rb:82:in `start'

Rendered rescues/_trace (316.1ms)
Rendered rescues/_request_and_response (1.4ms)
Rendering rescues/layout (internal_server_error)
  [4;36;1mSQL (2.2ms)[0m   [0;1m SELECT name
 FROM sqlite_master
 WHERE type = 'table' AND NOT name = 'sqlite_sequence'
[0m
  [4;35;1mSQL (0.9ms)[0m   [0mSELECT version FROM schema_migrations[0m
Migrating to CreateImages (20100129192238)
  [4;36;1mSQL (0.8ms)[0m   [0;1mselect sqlite_version(*)[0m
  [4;35;1mSQL (1.0ms)[0m   [0m SELECT name
 FROM sqlite_master
 WHERE type = 'table' AND NOT name = 'sqlite_sequence'
[0m
  [4;36;1mSQL (0.7ms)[0m   [0;1mSELECT version FROM schema_migrations[0m
  [4;35;1mSQL (1.2ms)[0m   [0m SELECT name
 FROM sqlite_master
 WHERE type = 'table' AND NOT name = 'sqlite_sequence'
[0m
  [4;36;1mSQL (0.4ms)[0m   [0;1mPRAGMA index_list("images")[0m


Processing ImagesController#index (for 127.0.0.1 at 2010-01-30 00:47:51) [GET]
  [4;36;1mSQL (1.7ms)[0m   [0;1m SELECT name
 FROM sqlite_master
 WHERE type = 'table' AND NOT name = 'sqlite_sequence'
[0m
  [4;35;1mSQL (1.1ms)[0m   [0m SELECT name
 FROM sqlite_master
 WHERE type = 'table' AND NOT name = 'sqlite_sequence'
[0m

NoMethodError (undefined method `has_attached_file' for #<Class:0x7fc66f600378>):
  app/models/image.rb:2
  app/controllers/images_controller.rb:5:in `index'
  /usr/lib/ruby/1.8/webrick/httpserver.rb:104:in `service'
  /usr/lib/ruby/1.8/webrick/httpserver.rb:65:in `run'
  /usr/lib/ruby/1.8/webrick/server.rb:173:in `start_thread'
  /usr/lib/ruby/1.8/webrick/server.rb:162:in `start'
  /usr/lib/ruby/1.8/webrick/server.rb:162:in `start_thread'
  /usr/lib/ruby/1.8/webrick/server.rb:95:in `start'
  /usr/lib/ruby/1.8/webrick/server.rb:92:in `each'
  /usr/lib/ruby/1.8/webrick/server.rb:92:in `start'
  /usr/lib/ruby/1.8/webrick/server.rb:23:in `start'
  /usr/lib/ruby/1.8/webrick/server.rb:82:in `start'

Rendered rescues/_trace (630.7ms)
Rendered rescues/_request_and_response (1.4ms)
Rendering rescues/layout (internal_server_error)


Processing ImagesController#index (for 127.0.0.1 at 2010-01-30 00:47:53) [GET]
  [4;36;1mSQL (1.8ms)[0m   [0;1m SELECT name
 FROM sqlite_master
 WHERE type = 'table' AND NOT name = 'sqlite_sequence'
[0m
  [4;35;1mSQL (1.1ms)[0m   [0m SELECT name
 FROM sqlite_master
 WHERE type = 'table' AND NOT name = 'sqlite_sequence'
[0m

NoMethodError (undefined method `has_attached_file' for #<Class:0x7fc66dd80c80>):
  app/models/image.rb:2
  app/controllers/images_controller.rb:5:in `index'
  /usr/lib/ruby/1.8/webrick/httpserver.rb:104:in `service'
  /usr/lib/ruby/1.8/webrick/httpserver.rb:65:in `run'
  /usr/lib/ruby/1.8/webrick/server.rb:173:in `start_thread'
  /usr/lib/ruby/1.8/webrick/server.rb:162:in `start'
  /usr/lib/ruby/1.8/webrick/server.rb:162:in `start_thread'
  /usr/lib/ruby/1.8/webrick/server.rb:95:in `start'
  /usr/lib/ruby/1.8/webrick/server.rb:92:in `each'
  /usr/lib/ruby/1.8/webrick/server.rb:92:in `start'
  /usr/lib/ruby/1.8/webrick/server.rb:23:in `start'
  /usr/lib/ruby/1.8/webrick/server.rb:82:in `start'

Rendered rescues/_trace (196.6ms)
Rendered rescues/_request_and_response (1.4ms)
Rendering rescues/layout (internal_server_error)


Processing ImagesController#index (for 127.0.0.1 at 2010-01-30 00:47:55) [GET]
  [4;36;1mSQL (3.4ms)[0m   [0;1m SELECT name
 FROM sqlite_master
 WHERE type = 'table' AND NOT name = 'sqlite_sequence'
[0m
  [4;35;1mSQL (1.1ms)[0m   [0m SELECT name
 FROM sqlite_master
 WHERE type = 'table' AND NOT name = 'sqlite_sequence'
[0m

NoMethodError (undefined method `has_attached_file' for #<Class:0x7fc66f5bab20>):
  app/models/image.rb:2
  app/controllers/images_controller.rb:5:in `index'
  /usr/lib/ruby/1.8/webrick/httpserver.rb:104:in `service'
  /usr/lib/ruby/1.8/webrick/httpserver.rb:65:in `run'
  /usr/lib/ruby/1.8/webrick/server.rb:173:in `start_thread'
  /usr/lib/ruby/1.8/webrick/server.rb:162:in `start'
  /usr/lib/ruby/1.8/webrick/server.rb:162:in `start_thread'
  /usr/lib/ruby/1.8/webrick/server.rb:95:in `start'
  /usr/lib/ruby/1.8/webrick/server.rb:92:in `each'
  /usr/lib/ruby/1.8/webrick/server.rb:92:in `start'
  /usr/lib/ruby/1.8/webrick/server.rb:23:in `start'
  /usr/lib/ruby/1.8/webrick/server.rb:82:in `start'

Rendered rescues/_trace (451.3ms)
Rendered rescues/_request_and_response (1.8ms)
Rendering rescues/layout (internal_server_error)


Processing ImagesController#index (for 127.0.0.1 at 2010-01-30 00:49:48) [GET]
  [4;36;1mSQL (1.8ms)[0m   [0;1m SELECT name
 FROM sqlite_master
 WHERE type = 'table' AND NOT name = 'sqlite_sequence'
[0m
  [4;35;1mSQL (1.2ms)[0m   [0m SELECT name
 FROM sqlite_master
 WHERE type = 'table' AND NOT name = 'sqlite_sequence'
[0m

NoMethodError (undefined method `has_attached_file' for #<Class:0x7fc66dcd3da0>):
  app/models/image.rb:3
  app/controllers/images_controller.rb:5:in `index'
  /usr/lib/ruby/1.8/webrick/httpserver.rb:104:in `service'
  /usr/lib/ruby/1.8/webrick/httpserver.rb:65:in `run'
  /usr/lib/ruby/1.8/webrick/server.rb:173:in `start_thread'
  /usr/lib/ruby/1.8/webrick/server.rb:162:in `start'
  /usr/lib/ruby/1.8/webrick/server.rb:162:in `start_thread'
  /usr/lib/ruby/1.8/webrick/server.rb:95:in `start'
  /usr/lib/ruby/1.8/webrick/server.rb:92:in `each'
  /usr/lib/ruby/1.8/webrick/server.rb:92:in `start'
  /usr/lib/ruby/1.8/webrick/server.rb:23:in `start'
  /usr/lib/ruby/1.8/webrick/server.rb:82:in `start'

Rendered rescues/_trace (319.5ms)
Rendered rescues/_request_and_response (1.5ms)
Rendering rescues/layout (internal_server_error)


Processing ImagesController#index (for 127.0.0.1 at 2010-01-30 00:59:51) [GET]
  [4;36;1mSQL (1.7ms)[0m   [0;1m SELECT name
 FROM sqlite_master
 WHERE type = 'table' AND NOT name = 'sqlite_sequence'
[0m
  [4;35;1mSQL (1.1ms)[0m   [0m SELECT name
 FROM sqlite_master
 WHERE type = 'table' AND NOT name = 'sqlite_sequence'
[0m

NoMethodError (undefined method `has_attached_file' for #<Class:0x7fc66f531780>):
  app/models/image.rb:3
  app/controllers/images_controller.rb:5:in `index'
  /usr/lib/ruby/1.8/webrick/httpserver.rb:104:in `service'
  /usr/lib/ruby/1.8/webrick/httpserver.rb:65:in `run'
  /usr/lib/ruby/1.8/webrick/server.rb:173:in `start_thread'
  /usr/lib/ruby/1.8/webrick/server.rb:162:in `start'
  /usr/lib/ruby/1.8/webrick/server.rb:162:in `start_thread'
  /usr/lib/ruby/1.8/webrick/server.rb:95:in `start'
  /usr/lib/ruby/1.8/webrick/server.rb:92:in `each'
  /usr/lib/ruby/1.8/webrick/server.rb:92:in `start'
  /usr/lib/ruby/1.8/webrick/server.rb:23:in `start'
  /usr/lib/ruby/1.8/webrick/server.rb:82:in `start'

Rendered rescues/_trace (478.7ms)
Rendered rescues/_request_and_response (2.6ms)
Rendering rescues/layout (internal_server_error)


Processing ImagesController#index (for 127.0.0.1 at 2010-01-30 00:59:53) [GET]
  [4;36;1mSQL (2.9ms)[0m   [0;1m SELECT name
 FROM sqlite_master
 WHERE type = 'table' AND NOT name = 'sqlite_sequence'
[0m
  [4;35;1mSQL (1.3ms)[0m   [0m SELECT name
 FROM sqlite_master
 WHERE type = 'table' AND NOT name = 'sqlite_sequence'
[0m

NoMethodError (undefined method `has_attached_file' for #<Class:0x7fc66dc5ad38>):
  app/models/image.rb:3
  app/controllers/images_controller.rb:5:in `index'
  /usr/lib/ruby/1.8/webrick/httpserver.rb:104:in `service'
  /usr/lib/ruby/1.8/webrick/httpserver.rb:65:in `run'
  /usr/lib/ruby/1.8/webrick/server.rb:173:in `start_thread'
  /usr/lib/ruby/1.8/webrick/server.rb:162:in `start'
  /usr/lib/ruby/1.8/webrick/server.rb:162:in `start_thread'
  /usr/lib/ruby/1.8/webrick/server.rb:95:in `start'
  /usr/lib/ruby/1.8/webrick/server.rb:92:in `each'
  /usr/lib/ruby/1.8/webrick/server.rb:92:in `start'
  /usr/lib/ruby/1.8/webrick/server.rb:23:in `start'
  /usr/lib/ruby/1.8/webrick/server.rb:82:in `start'

Rendered rescues/_trace (207.7ms)
Rendered rescues/_request_and_response (1.4ms)
Rendering rescues/layout (internal_server_error)
  [4;36;1mSQL (2.2ms)[0m   [0;1m SELECT name
 FROM sqlite_master
 WHERE type = 'table' AND NOT name = 'sqlite_sequence'
[0m
  [4;35;1mSQL (0.7ms)[0m   [0mSELECT version FROM schema_migrations[0m
Migrating to CreateImages (20100129192238)
  [4;36;1mSQL (0.8ms)[0m   [0;1mselect sqlite_version(*)[0m
  [4;35;1mSQL (2.6ms)[0m   [0m SELECT name
 FROM sqlite_master
 WHERE type = 'table' AND NOT name = 'sqlite_sequence'
[0m
  [4;36;1mSQL (0.8ms)[0m   [0;1mSELECT version FROM schema_migrations[0m
  [4;35;1mSQL (1.0ms)[0m   [0m SELECT name
 FROM sqlite_master
 WHERE type = 'table' AND NOT name = 'sqlite_sequence'
[0m
  [4;36;1mSQL (2.6ms)[0m   [0;1mPRAGMA index_list("images")[0m


Processing ImagesController#index (for 127.0.0.1 at 2010-01-30 01:01:06) [GET]
  [4;36;1mImage Load (1.8ms)[0m   [0;1mSELECT * FROM "images" [0m
Rendering template within layouts/images
Rendering images/index
Completed in 193ms (View: 164, DB: 2) | 200 OK [http://localhost/images]


Processing ImagesController#new (for 127.0.0.1 at 2010-01-30 01:01:09) [GET]
Rendering template within layouts/images
Rendering images/new
Completed in 350ms (View: 78, DB: 0) | 200 OK [http://localhost/images/new]


Processing ImagesController#create (for 127.0.0.1 at 2010-01-30 01:01:33) [POST]
  Parameters: {"commit"=>"Create", "imege"=>{"image"=>"Firefox_wallpaper.png"}, "authenticity_token"=>"FPLZpDL1TNgEeah43TuZZt8gR5gloTJ1n321X8e7hV4=", "image"=>{"uploader"=>"antti", "image_name"=>"pantti"}}
  [4;35;1mImage Create (4.7ms)[0m   [0mINSERT INTO "images" ("updated_at", "type", "file_size", "uploader", "image_name", "created_at") VALUES('2010-01-29 23:01:33', NULL, NULL, NULL, NULL, '2010-01-29 23:01:33')[0m
[paperclip] Saving attachments.
[paperclip] Saving attachments.
Redirected to http://localhost:3000/images/1
Completed in 148ms (DB: 5) | 302 Found [http://localhost/images]


Processing ImagesController#show (for 127.0.0.1 at 2010-01-30 01:01:33) [GET]
  Parameters: {"id"=>"1"}
  [4;36;1mImage Load (2.4ms)[0m   [0;1mSELECT * FROM "images" WHERE ("images"."id" = 1) [0m
Rendering template within layouts/images
Rendering images/show

ActionView::TemplateError (undefined method `photo' for nil:NilClass) on line #11 of app/views/images/show.html.erb:
8:   <%=h @image.image_name %>
9: </p>
10: <p>
11:   <%= image_tag @user.photo.url %>
12:   <%= image_tag @user.photo.url(:thumb) %>
13: </p<
14: <%= link_to 'Edit', edit_image_path(@image) %> |

    app/views/images/show.html.erb:11
    app/controllers/images_controller.rb:18:in `show'
    /usr/lib/ruby/1.8/webrick/httpserver.rb:104:in `service'
    /usr/lib/ruby/1.8/webrick/httpserver.rb:65:in `run'
    /usr/lib/ruby/1.8/webrick/server.rb:173:in `start_thread'
    /usr/lib/ruby/1.8/webrick/server.rb:162:in `start'
    /usr/lib/ruby/1.8/webrick/server.rb:162:in `start_thread'
    /usr/lib/ruby/1.8/webrick/server.rb:95:in `start'
    /usr/lib/ruby/1.8/webrick/server.rb:92:in `each'
    /usr/lib/ruby/1.8/webrick/server.rb:92:in `start'
    /usr/lib/ruby/1.8/webrick/server.rb:23:in `start'
    /usr/lib/ruby/1.8/webrick/server.rb:82:in `start'

Rendered rescues/_trace (533.9ms)
Rendered rescues/_request_and_response (11.2ms)
Rendering rescues/layout (internal_server_error)


Processing ImagesController#create (for 127.0.0.1 at 2010-01-30 01:03:27) [POST]
  Parameters: {"commit"=>"Create", "imege"=>{"image"=>"Firefox_wallpaper.png"}, "authenticity_token"=>"FPLZpDL1TNgEeah43TuZZt8gR5gloTJ1n321X8e7hV4=", "image"=>{"uploader"=>"antti", "image_name"=>"pantti"}}
  [4;35;1mImage Create (1.5ms)[0m   [0mINSERT INTO "images" ("updated_at", "type", "file_size", "uploader", "image_name", "created_at") VALUES('2010-01-29 23:03:27', NULL, NULL, NULL, NULL, '2010-01-29 23:03:27')[0m
[paperclip] Saving attachments.
[paperclip] Saving attachments.
Redirected to http://localhost:3000/images/2
Completed in 68ms (DB: 1) | 302 Found [http://localhost/images]


Processing ImagesController#show (for 127.0.0.1 at 2010-01-30 01:03:27) [GET]
  Parameters: {"id"=>"2"}
  [4;36;1mImage Load (1.5ms)[0m   [0;1mSELECT * FROM "images" WHERE ("images"."id" = 2) [0m
Rendering template within layouts/images
Rendering images/show

ActionView::TemplateError (undefined method `image_file_name' for #<Image:0x7f4358ace3b8>) on line #11 of app/views/images/show.html.erb:
8:   <%=h @image.image_name %>
9: </p>
10: <p>
11:   <%= image_tag @image.image.url %>
12:   <%= image_tag @image.image.url(:thumb) %>
13: </p<
14: <%= link_to 'Edit', edit_image_path(@image) %> |

    app/views/images/show.html.erb:11
    app/controllers/images_controller.rb:18:in `show'
    /usr/lib/ruby/1.8/webrick/httpserver.rb:104:in `service'
    /usr/lib/ruby/1.8/webrick/httpserver.rb:65:in `run'
    /usr/lib/ruby/1.8/webrick/server.rb:173:in `start_thread'
    /usr/lib/ruby/1.8/webrick/server.rb:162:in `start'
    /usr/lib/ruby/1.8/webrick/server.rb:162:in `start_thread'
    /usr/lib/ruby/1.8/webrick/server.rb:95:in `start'
    /usr/lib/ruby/1.8/webrick/server.rb:92:in `each'
    /usr/lib/ruby/1.8/webrick/server.rb:92:in `start'
    /usr/lib/ruby/1.8/webrick/server.rb:23:in `start'
    /usr/lib/ruby/1.8/webrick/server.rb:82:in `start'

Rendered rescues/_trace (554.8ms)
Rendered rescues/_request_and_response (2.6ms)
Rendering rescues/layout (internal_server_error)
